[18:55:05.621] Global cache location '/Users/byeongcheollim/Library/Caches/typescript/4.7', safe file path '/opt/homebrew/lib/node_modules/typescript/lib/typingsafelist.json', types map path /opt/homebrew/lib/node_modules/typescript/lib/typesmap.json
[18:55:05.622] Processing cache location '/Users/byeongcheollim/Library/Caches/typescript/4.7'
[18:55:05.622] Trying to find '/Users/byeongcheollim/Library/Caches/typescript/4.7/package.json'...
[18:55:05.622] Finished processing cache location '/Users/byeongcheollim/Library/Caches/typescript/4.7'
[18:55:05.622] Process id: 12211
[18:55:05.622] NPM location: /opt/homebrew/Cellar/node/18.7.0/bin/npm (explicit '--npmLocation' not  provided)
[18:55:05.622] validateDefaultNpmLocation: false
[18:55:05.622] Npm config file: /Users/byeongcheollim/Library/Caches/typescript/4.7/package.json
[18:55:05.623] Updating types-registry npm package...
[18:55:05.623] Exec: /opt/homebrew/Cellar/node/18.7.0/bin/npm install --ignore-scripts types-registry@latest
[18:55:05.626]     Failed. stdout:
    stderr:
    /bin/sh: /opt/homebrew/Cellar/node/18.7.0/bin/npm: No such file or directory
    
[18:55:05.627] Updated types-registry npm package
[18:55:05.627] Types registry file '/Users/byeongcheollim/Library/Caches/typescript/4.7/node_modules/types-registry/index.json' does not exist
[18:55:06.186] Got install request {"projectName":"/dev/null/inferredProject1*","fileNames":["/opt/homebrew/lib/node_modules/typescript/lib/lib.es5.d.ts","/opt/homebrew/lib/node_modules/typescript/lib/lib.es2015.d.ts","/opt/homebrew/lib/node_modules/typescript/lib/lib.es2016.d.ts","/opt/homebrew/lib/node_modules/typescript/lib/lib.dom.d.ts","/opt/homebrew/lib/node_modules/typescript/lib/lib.dom.iterable.d.ts","/opt/homebrew/lib/node_modules/typescript/lib/lib.webworker.importscripts.d.ts","/opt/homebrew/lib/node_modules/typescript/lib/lib.scripthost.d.ts","/opt/homebrew/lib/node_modules/typescript/lib/lib.es2015.core.d.ts","/opt/homebrew/lib/node_modules/typescript/lib/lib.es2015.collection.d.ts","/opt/homebrew/lib/node_modules/typescript/lib/lib.es2015.generator.d.ts","/opt/homebrew/lib/node_modules/typescript/lib/lib.es2015.iterable.d.ts","/opt/homebrew/lib/node_modules/typescript/lib/lib.es2015.promise.d.ts","/opt/homebrew/lib/node_modules/typescript/lib/lib.es2015.proxy.d.ts","/opt/homebrew/lib/node_modules/typescript/lib/lib.es2015.reflect.d.ts","/opt/homebrew/lib/node_modules/typescript/lib/lib.es2015.symbol.d.ts","/opt/homebrew/lib/node_modules/typescript/lib/lib.es2015.symbol.wellknown.d.ts","/opt/homebrew/lib/node_modules/typescript/lib/lib.es2016.array.include.d.ts","/opt/homebrew/lib/node_modules/typescript/lib/lib.es2016.full.d.ts","/Users/byeongcheollim/workspace/mapbox/keplergl-demo/src/App.js"],"compilerOptions":{"module":1,"target":3,"jsx":1,"allowJs":true,"allowSyntheticDefaultImports":true,"allowNonTsExtensions":true,"noEmitForJsFiles":true,"maxNodeModuleJsDepth":2},"typeAcquisition":{"enable":true,"include":[],"exclude":[]},"unresolvedImports":["@babel/runtime","hoist-non-react-statics","kepler.gl","react-is","react-palm","react-redux"],"projectRootPath":"/Users/byeongcheollim/workspace/mapbox/keplergl-demo/src","kind":"discover"}
[18:55:06.194] Loaded safelist from types map file '/opt/homebrew/lib/node_modules/typescript/lib/typesmap.json'
[18:55:06.195] Explicitly included types: []
[18:55:06.195] Inferred typings from unresolved imports: ["@babel/runtime","hoist-non-react-statics","kepler.gl","react-is","react-palm","react-redux"]
[18:55:06.195] Result: {"cachedTypingPaths":[],"newTypingNames":["@babel/runtime","hoist-non-react-statics","kepler.gl","react-is","react-palm","react-redux"],"filesToWatch":["/Users/byeongcheollim/workspace/mapbox/keplergl-demo/src/bower_components","/Users/byeongcheollim/workspace/mapbox/keplergl-demo/src/node_modules"]}
[18:55:06.195] Finished typings discovery: {"cachedTypingPaths":[],"newTypingNames":["@babel/runtime","hoist-non-react-statics","kepler.gl","react-is","react-palm","react-redux"],"filesToWatch":["/Users/byeongcheollim/workspace/mapbox/keplergl-demo/src/bower_components","/Users/byeongcheollim/workspace/mapbox/keplergl-demo/src/node_modules"]}
[18:55:06.196] DirectoryWatcher:: Added:: WatchInfo: /Users/byeongcheollim/workspace/mapbox/keplergl-demo/src/bower_components
[18:55:06.196] DirectoryWatcher:: Added:: WatchInfo: /Users/byeongcheollim/workspace/mapbox/keplergl-demo/src/bower_components 1 undefined Project: /dev/null/inferredProject1* watcher already invoked: false
[18:55:06.196] Elapsed:: 0.37758299708366394ms DirectoryWatcher:: Added:: WatchInfo: /Users/byeongcheollim/workspace/mapbox/keplergl-demo/src/bower_components 1 undefined Project: /dev/null/inferredProject1* watcher already invoked: false
[18:55:06.196] DirectoryWatcher:: Added:: WatchInfo: /Users/byeongcheollim/workspace/mapbox/keplergl-demo/src/node_modules
[18:55:06.196] DirectoryWatcher:: Added:: WatchInfo: /Users/byeongcheollim/workspace/mapbox/keplergl-demo/src/node_modules 1 undefined Project: /dev/null/inferredProject1* watcher already invoked: false
[18:55:06.196] Elapsed:: 0.04324999824166298ms DirectoryWatcher:: Added:: WatchInfo: /Users/byeongcheollim/workspace/mapbox/keplergl-demo/src/node_modules 1 undefined Project: /dev/null/inferredProject1* watcher already invoked: false
[18:55:06.196] Installing typings ["@babel/runtime","hoist-non-react-statics","kepler.gl","react-is","react-palm","react-redux"]
[18:55:06.197] '@babel/runtime':: Entry for package 'babel__runtime' does not exist in local types registry - skipping...
[18:55:06.197] 'hoist-non-react-statics':: Entry for package 'hoist-non-react-statics' does not exist in local types registry - skipping...
[18:55:06.197] 'kepler.gl':: Entry for package 'kepler.gl' does not exist in local types registry - skipping...
[18:55:06.197] 'react-is':: Entry for package 'react-is' does not exist in local types registry - skipping...
[18:55:06.197] 'react-palm':: Entry for package 'react-palm' does not exist in local types registry - skipping...
[18:55:06.197] 'react-redux':: Entry for package 'react-redux' does not exist in local types registry - skipping...
[18:55:06.197] All typings are known to be missing or invalid - no need to install more typings
[18:55:06.197] Sending response:
    {"projectName":"/dev/null/inferredProject1*","typeAcquisition":{"enable":true,"include":[],"exclude":[]},"compilerOptions":{"module":1,"target":3,"jsx":1,"allowJs":true,"allowSyntheticDefaultImports":true,"allowNonTsExtensions":true,"noEmitForJsFiles":true,"maxNodeModuleJsDepth":2},"typings":[],"unresolvedImports":["@babel/runtime","hoist-non-react-statics","kepler.gl","react-is","react-palm","react-redux"],"kind":"action::set"}
[18:55:06.197] Response has been sent.
[19:02:20.406] Got install request {"projectName":"/dev/null/inferredProject2*","fileNames":["/opt/homebrew/lib/node_modules/typescript/lib/lib.es5.d.ts","/opt/homebrew/lib/node_modules/typescript/lib/lib.es2015.d.ts","/opt/homebrew/lib/node_modules/typescript/lib/lib.es2016.d.ts","/opt/homebrew/lib/node_modules/typescript/lib/lib.dom.d.ts","/opt/homebrew/lib/node_modules/typescript/lib/lib.dom.iterable.d.ts","/opt/homebrew/lib/node_modules/typescript/lib/lib.webworker.importscripts.d.ts","/opt/homebrew/lib/node_modules/typescript/lib/lib.scripthost.d.ts","/opt/homebrew/lib/node_modules/typescript/lib/lib.es2015.core.d.ts","/opt/homebrew/lib/node_modules/typescript/lib/lib.es2015.collection.d.ts","/opt/homebrew/lib/node_modules/typescript/lib/lib.es2015.generator.d.ts","/opt/homebrew/lib/node_modules/typescript/lib/lib.es2015.iterable.d.ts","/opt/homebrew/lib/node_modules/typescript/lib/lib.es2015.promise.d.ts","/opt/homebrew/lib/node_modules/typescript/lib/lib.es2015.proxy.d.ts","/opt/homebrew/lib/node_modules/typescript/lib/lib.es2015.reflect.d.ts","/opt/homebrew/lib/node_modules/typescript/lib/lib.es2015.symbol.d.ts","/opt/homebrew/lib/node_modules/typescript/lib/lib.es2015.symbol.wellknown.d.ts","/opt/homebrew/lib/node_modules/typescript/lib/lib.es2016.array.include.d.ts","/opt/homebrew/lib/node_modules/typescript/lib/lib.es2016.full.d.ts","/Users/byeongcheollim/workspace/mapbox/keplergl-demo/src/App.js","/Users/byeongcheollim/workspace/mapbox/keplergl-demo/src/serviceWorker.js","/Users/byeongcheollim/workspace/mapbox/keplergl-demo/src/index.js"],"compilerOptions":{"module":1,"target":3,"jsx":1,"allowJs":true,"allowSyntheticDefaultImports":true,"allowNonTsExtensions":true,"noEmitForJsFiles":true,"maxNodeModuleJsDepth":2},"typeAcquisition":{"enable":true,"include":[],"exclude":[]},"unresolvedImports":["@babel/runtime","hoist-non-react-statics","kepler.gl","react-is","react-palm","react-redux"],"projectRootPath":"/Users/byeongcheollim/workspace/mapbox/keplergl-demo/src","kind":"discover"}
[19:02:20.407] Explicitly included types: []
[19:02:20.408] Inferred typings from unresolved imports: ["@babel/runtime","hoist-non-react-statics","kepler.gl","react-is","react-palm","react-redux"]
[19:02:20.408] Result: {"cachedTypingPaths":[],"newTypingNames":["@babel/runtime","hoist-non-react-statics","kepler.gl","react-is","react-palm","react-redux"],"filesToWatch":["/Users/byeongcheollim/workspace/mapbox/keplergl-demo/src/bower_components","/Users/byeongcheollim/workspace/mapbox/keplergl-demo/src/node_modules"]}
[19:02:20.408] Finished typings discovery: {"cachedTypingPaths":[],"newTypingNames":["@babel/runtime","hoist-non-react-statics","kepler.gl","react-is","react-palm","react-redux"],"filesToWatch":["/Users/byeongcheollim/workspace/mapbox/keplergl-demo/src/bower_components","/Users/byeongcheollim/workspace/mapbox/keplergl-demo/src/node_modules"]}
[19:02:20.408] DirectoryWatcher:: Added:: WatchInfo: /Users/byeongcheollim/workspace/mapbox/keplergl-demo/src/bower_components
[19:02:20.408] DirectoryWatcher:: Added:: WatchInfo: /Users/byeongcheollim/workspace/mapbox/keplergl-demo/src/bower_components 1 undefined Project: /dev/null/inferredProject2* watcher already invoked: false
[19:02:20.408] Elapsed:: 0.03216700255870819ms DirectoryWatcher:: Added:: WatchInfo: /Users/byeongcheollim/workspace/mapbox/keplergl-demo/src/bower_components 1 undefined Project: /dev/null/inferredProject2* watcher already invoked: false
[19:02:20.408] DirectoryWatcher:: Added:: WatchInfo: /Users/byeongcheollim/workspace/mapbox/keplergl-demo/src/node_modules
[19:02:20.408] DirectoryWatcher:: Added:: WatchInfo: /Users/byeongcheollim/workspace/mapbox/keplergl-demo/src/node_modules 1 undefined Project: /dev/null/inferredProject2* watcher already invoked: false
[19:02:20.408] Elapsed:: 0.01816600188612938ms DirectoryWatcher:: Added:: WatchInfo: /Users/byeongcheollim/workspace/mapbox/keplergl-demo/src/node_modules 1 undefined Project: /dev/null/inferredProject2* watcher already invoked: false
[19:02:20.408] Installing typings ["@babel/runtime","hoist-non-react-statics","kepler.gl","react-is","react-palm","react-redux"]
[19:02:20.408] '@babel/runtime':: Entry for package 'babel__runtime' does not exist in local types registry - skipping...
[19:02:20.408] 'hoist-non-react-statics':: Entry for package 'hoist-non-react-statics' does not exist in local types registry - skipping...
[19:02:20.408] 'kepler.gl':: Entry for package 'kepler.gl' does not exist in local types registry - skipping...
[19:02:20.408] 'react-is':: Entry for package 'react-is' does not exist in local types registry - skipping...
[19:02:20.408] 'react-palm':: Entry for package 'react-palm' does not exist in local types registry - skipping...
[19:02:20.408] 'react-redux':: Entry for package 'react-redux' does not exist in local types registry - skipping...
[19:02:20.409] All typings are known to be missing or invalid - no need to install more typings
[19:02:20.409] Sending response:
    {"projectName":"/dev/null/inferredProject2*","typeAcquisition":{"enable":true,"include":[],"exclude":[]},"compilerOptions":{"module":1,"target":3,"jsx":1,"allowJs":true,"allowSyntheticDefaultImports":true,"allowNonTsExtensions":true,"noEmitForJsFiles":true,"maxNodeModuleJsDepth":2},"typings":[],"unresolvedImports":["@babel/runtime","hoist-non-react-statics","kepler.gl","react-is","react-palm","react-redux"],"kind":"action::set"}
[19:02:20.409] Response has been sent.
[20:55:05.511] Got install request {"projectName":"/dev/null/inferredProject2*","fileNames":["/opt/homebrew/lib/node_modules/typescript/lib/lib.es5.d.ts","/opt/homebrew/lib/node_modules/typescript/lib/lib.es2015.d.ts","/opt/homebrew/lib/node_modules/typescript/lib/lib.es2016.d.ts","/opt/homebrew/lib/node_modules/typescript/lib/lib.dom.d.ts","/opt/homebrew/lib/node_modules/typescript/lib/lib.dom.iterable.d.ts","/opt/homebrew/lib/node_modules/typescript/lib/lib.webworker.importscripts.d.ts","/opt/homebrew/lib/node_modules/typescript/lib/lib.scripthost.d.ts","/opt/homebrew/lib/node_modules/typescript/lib/lib.es2015.core.d.ts","/opt/homebrew/lib/node_modules/typescript/lib/lib.es2015.collection.d.ts","/opt/homebrew/lib/node_modules/typescript/lib/lib.es2015.generator.d.ts","/opt/homebrew/lib/node_modules/typescript/lib/lib.es2015.iterable.d.ts","/opt/homebrew/lib/node_modules/typescript/lib/lib.es2015.promise.d.ts","/opt/homebrew/lib/node_modules/typescript/lib/lib.es2015.proxy.d.ts","/opt/homebrew/lib/node_modules/typescript/lib/lib.es2015.reflect.d.ts","/opt/homebrew/lib/node_modules/typescript/lib/lib.es2015.symbol.d.ts","/opt/homebrew/lib/node_modules/typescript/lib/lib.es2015.symbol.wellknown.d.ts","/opt/homebrew/lib/node_modules/typescript/lib/lib.es2016.array.include.d.ts","/opt/homebrew/lib/node_modules/typescript/lib/lib.es2016.full.d.ts","/Users/byeongcheollim/workspace/mapbox/keplergl-demo/src/App.js","/Users/byeongcheollim/workspace/mapbox/keplergl-demo/src/serviceWorker.js","/Users/byeongcheollim/workspace/mapbox/keplergl-demo/src/index.js"],"compilerOptions":{"module":1,"target":3,"jsx":1,"allowJs":true,"allowSyntheticDefaultImports":true,"allowNonTsExtensions":true,"noEmitForJsFiles":true,"maxNodeModuleJsDepth":2},"typeAcquisition":{"enable":true,"include":[],"exclude":[]},"unresolvedImports":["@babel/runtime","convert-csv-to-json","hoist-non-react-statics","kepler.gl","react-is","react-palm","react-redux"],"projectRootPath":"/Users/byeongcheollim/workspace/mapbox/keplergl-demo/src","kind":"discover"}
[20:55:05.512] Explicitly included types: []
[20:55:05.513] Inferred typings from unresolved imports: ["@babel/runtime","convert-csv-to-json","hoist-non-react-statics","kepler.gl","react-is","react-palm","react-redux"]
[20:55:05.513] Result: {"cachedTypingPaths":[],"newTypingNames":["@babel/runtime","convert-csv-to-json","hoist-non-react-statics","kepler.gl","react-is","react-palm","react-redux"],"filesToWatch":["/Users/byeongcheollim/workspace/mapbox/keplergl-demo/src/bower_components","/Users/byeongcheollim/workspace/mapbox/keplergl-demo/src/node_modules"]}
[20:55:05.513] Finished typings discovery: {"cachedTypingPaths":[],"newTypingNames":["@babel/runtime","convert-csv-to-json","hoist-non-react-statics","kepler.gl","react-is","react-palm","react-redux"],"filesToWatch":["/Users/byeongcheollim/workspace/mapbox/keplergl-demo/src/bower_components","/Users/byeongcheollim/workspace/mapbox/keplergl-demo/src/node_modules"]}
[20:55:05.513] Installing typings ["@babel/runtime","convert-csv-to-json","hoist-non-react-statics","kepler.gl","react-is","react-palm","react-redux"]
[20:55:05.513] '@babel/runtime':: Entry for package 'babel__runtime' does not exist in local types registry - skipping...
[20:55:05.513] 'convert-csv-to-json':: Entry for package 'convert-csv-to-json' does not exist in local types registry - skipping...
[20:55:05.513] 'hoist-non-react-statics':: Entry for package 'hoist-non-react-statics' does not exist in local types registry - skipping...
[20:55:05.513] 'kepler.gl':: Entry for package 'kepler.gl' does not exist in local types registry - skipping...
[20:55:05.513] 'react-is':: Entry for package 'react-is' does not exist in local types registry - skipping...
[20:55:05.513] 'react-palm':: Entry for package 'react-palm' does not exist in local types registry - skipping...
[20:55:05.513] 'react-redux':: Entry for package 'react-redux' does not exist in local types registry - skipping...
[20:55:05.513] All typings are known to be missing or invalid - no need to install more typings
[20:55:05.514] Sending response:
    {"projectName":"/dev/null/inferredProject2*","typeAcquisition":{"enable":true,"include":[],"exclude":[]},"compilerOptions":{"module":1,"target":3,"jsx":1,"allowJs":true,"allowSyntheticDefaultImports":true,"allowNonTsExtensions":true,"noEmitForJsFiles":true,"maxNodeModuleJsDepth":2},"typings":[],"unresolvedImports":["@babel/runtime","convert-csv-to-json","hoist-non-react-statics","kepler.gl","react-is","react-palm","react-redux"],"kind":"action::set"}
[20:55:05.514] Response has been sent.
[20:55:20.431] Got install request {"projectName":"/dev/null/inferredProject2*","fileNames":["/opt/homebrew/lib/node_modules/typescript/lib/lib.es5.d.ts","/opt/homebrew/lib/node_modules/typescript/lib/lib.es2015.d.ts","/opt/homebrew/lib/node_modules/typescript/lib/lib.es2016.d.ts","/opt/homebrew/lib/node_modules/typescript/lib/lib.dom.d.ts","/opt/homebrew/lib/node_modules/typescript/lib/lib.dom.iterable.d.ts","/opt/homebrew/lib/node_modules/typescript/lib/lib.webworker.importscripts.d.ts","/opt/homebrew/lib/node_modules/typescript/lib/lib.scripthost.d.ts","/opt/homebrew/lib/node_modules/typescript/lib/lib.es2015.core.d.ts","/opt/homebrew/lib/node_modules/typescript/lib/lib.es2015.collection.d.ts","/opt/homebrew/lib/node_modules/typescript/lib/lib.es2015.generator.d.ts","/opt/homebrew/lib/node_modules/typescript/lib/lib.es2015.iterable.d.ts","/opt/homebrew/lib/node_modules/typescript/lib/lib.es2015.promise.d.ts","/opt/homebrew/lib/node_modules/typescript/lib/lib.es2015.proxy.d.ts","/opt/homebrew/lib/node_modules/typescript/lib/lib.es2015.reflect.d.ts","/opt/homebrew/lib/node_modules/typescript/lib/lib.es2015.symbol.d.ts","/opt/homebrew/lib/node_modules/typescript/lib/lib.es2015.symbol.wellknown.d.ts","/opt/homebrew/lib/node_modules/typescript/lib/lib.es2016.array.include.d.ts","/opt/homebrew/lib/node_modules/typescript/lib/lib.es2016.full.d.ts","/Users/byeongcheollim/workspace/mapbox/keplergl-demo/src/App.js","/Users/byeongcheollim/workspace/mapbox/keplergl-demo/src/serviceWorker.js","/Users/byeongcheollim/workspace/mapbox/keplergl-demo/src/index.js"],"compilerOptions":{"module":1,"target":3,"jsx":1,"allowJs":true,"allowSyntheticDefaultImports":true,"allowNonTsExtensions":true,"noEmitForJsFiles":true,"maxNodeModuleJsDepth":2},"typeAcquisition":{"enable":true,"include":[],"exclude":[]},"unresolvedImports":["@babel/runtime","convert-csv-to-json","hoist-non-react-statics","kepler.gl","react-is","react-palm","react-redux"],"projectRootPath":"/Users/byeongcheollim/workspace/mapbox/keplergl-demo/src","kind":"discover"}
[20:55:20.431] Explicitly included types: []
[20:55:20.432] Inferred typings from unresolved imports: ["@babel/runtime","convert-csv-to-json","hoist-non-react-statics","kepler.gl","react-is","react-palm","react-redux"]
[20:55:20.432] Result: {"cachedTypingPaths":[],"newTypingNames":["@babel/runtime","convert-csv-to-json","hoist-non-react-statics","kepler.gl","react-is","react-palm","react-redux"],"filesToWatch":["/Users/byeongcheollim/workspace/mapbox/keplergl-demo/src/bower_components","/Users/byeongcheollim/workspace/mapbox/keplergl-demo/src/node_modules"]}
[20:55:20.432] Finished typings discovery: {"cachedTypingPaths":[],"newTypingNames":["@babel/runtime","convert-csv-to-json","hoist-non-react-statics","kepler.gl","react-is","react-palm","react-redux"],"filesToWatch":["/Users/byeongcheollim/workspace/mapbox/keplergl-demo/src/bower_components","/Users/byeongcheollim/workspace/mapbox/keplergl-demo/src/node_modules"]}
[20:55:20.432] Installing typings ["@babel/runtime","convert-csv-to-json","hoist-non-react-statics","kepler.gl","react-is","react-palm","react-redux"]
[20:55:20.432] '@babel/runtime':: Entry for package 'babel__runtime' does not exist in local types registry - skipping...
[20:55:20.432] 'convert-csv-to-json':: Entry for package 'convert-csv-to-json' does not exist in local types registry - skipping...
[20:55:20.432] 'hoist-non-react-statics':: Entry for package 'hoist-non-react-statics' does not exist in local types registry - skipping...
[20:55:20.432] 'kepler.gl':: Entry for package 'kepler.gl' does not exist in local types registry - skipping...
[20:55:20.432] 'react-is':: Entry for package 'react-is' does not exist in local types registry - skipping...
[20:55:20.433] 'react-palm':: Entry for package 'react-palm' does not exist in local types registry - skipping...
[20:55:20.433] 'react-redux':: Entry for package 'react-redux' does not exist in local types registry - skipping...
[20:55:20.433] All typings are known to be missing or invalid - no need to install more typings
[20:55:20.433] Sending response:
    {"projectName":"/dev/null/inferredProject2*","typeAcquisition":{"enable":true,"include":[],"exclude":[]},"compilerOptions":{"module":1,"target":3,"jsx":1,"allowJs":true,"allowSyntheticDefaultImports":true,"allowNonTsExtensions":true,"noEmitForJsFiles":true,"maxNodeModuleJsDepth":2},"typings":[],"unresolvedImports":["@babel/runtime","convert-csv-to-json","hoist-non-react-statics","kepler.gl","react-is","react-palm","react-redux"],"kind":"action::set"}
[20:55:20.433] Response has been sent.
[20:55:21.984] Got install request {"projectName":"/dev/null/inferredProject2*","fileNames":["/opt/homebrew/lib/node_modules/typescript/lib/lib.es5.d.ts","/opt/homebrew/lib/node_modules/typescript/lib/lib.es2015.d.ts","/opt/homebrew/lib/node_modules/typescript/lib/lib.es2016.d.ts","/opt/homebrew/lib/node_modules/typescript/lib/lib.dom.d.ts","/opt/homebrew/lib/node_modules/typescript/lib/lib.dom.iterable.d.ts","/opt/homebrew/lib/node_modules/typescript/lib/lib.webworker.importscripts.d.ts","/opt/homebrew/lib/node_modules/typescript/lib/lib.scripthost.d.ts","/opt/homebrew/lib/node_modules/typescript/lib/lib.es2015.core.d.ts","/opt/homebrew/lib/node_modules/typescript/lib/lib.es2015.collection.d.ts","/opt/homebrew/lib/node_modules/typescript/lib/lib.es2015.generator.d.ts","/opt/homebrew/lib/node_modules/typescript/lib/lib.es2015.iterable.d.ts","/opt/homebrew/lib/node_modules/typescript/lib/lib.es2015.promise.d.ts","/opt/homebrew/lib/node_modules/typescript/lib/lib.es2015.proxy.d.ts","/opt/homebrew/lib/node_modules/typescript/lib/lib.es2015.reflect.d.ts","/opt/homebrew/lib/node_modules/typescript/lib/lib.es2015.symbol.d.ts","/opt/homebrew/lib/node_modules/typescript/lib/lib.es2015.symbol.wellknown.d.ts","/opt/homebrew/lib/node_modules/typescript/lib/lib.es2016.array.include.d.ts","/opt/homebrew/lib/node_modules/typescript/lib/lib.es2016.full.d.ts","/Users/byeongcheollim/workspace/mapbox/keplergl-demo/src/App.js","/Users/byeongcheollim/workspace/mapbox/keplergl-demo/src/serviceWorker.js","/Users/byeongcheollim/workspace/mapbox/keplergl-demo/src/index.js"],"compilerOptions":{"module":1,"target":3,"jsx":1,"allowJs":true,"allowSyntheticDefaultImports":true,"allowNonTsExtensions":true,"noEmitForJsFiles":true,"maxNodeModuleJsDepth":2},"typeAcquisition":{"enable":true,"include":[],"exclude":[]},"unresolvedImports":["@babel/runtime","convert-csv-to-json","hoist-non-react-statics","kepler.gl","react-is","react-palm","react-redux"],"projectRootPath":"/Users/byeongcheollim/workspace/mapbox/keplergl-demo/src","kind":"discover"}
[20:55:21.984] Explicitly included types: []
[20:55:21.985] Inferred typings from unresolved imports: ["@babel/runtime","convert-csv-to-json","hoist-non-react-statics","kepler.gl","react-is","react-palm","react-redux"]
[20:55:21.985] Result: {"cachedTypingPaths":[],"newTypingNames":["@babel/runtime","convert-csv-to-json","hoist-non-react-statics","kepler.gl","react-is","react-palm","react-redux"],"filesToWatch":["/Users/byeongcheollim/workspace/mapbox/keplergl-demo/src/bower_components","/Users/byeongcheollim/workspace/mapbox/keplergl-demo/src/node_modules"]}
[20:55:21.985] Finished typings discovery: {"cachedTypingPaths":[],"newTypingNames":["@babel/runtime","convert-csv-to-json","hoist-non-react-statics","kepler.gl","react-is","react-palm","react-redux"],"filesToWatch":["/Users/byeongcheollim/workspace/mapbox/keplergl-demo/src/bower_components","/Users/byeongcheollim/workspace/mapbox/keplergl-demo/src/node_modules"]}
[20:55:21.985] Installing typings ["@babel/runtime","convert-csv-to-json","hoist-non-react-statics","kepler.gl","react-is","react-palm","react-redux"]
[20:55:21.986] '@babel/runtime':: Entry for package 'babel__runtime' does not exist in local types registry - skipping...
[20:55:21.986] 'convert-csv-to-json':: Entry for package 'convert-csv-to-json' does not exist in local types registry - skipping...
[20:55:21.986] 'hoist-non-react-statics':: Entry for package 'hoist-non-react-statics' does not exist in local types registry - skipping...
[20:55:21.986] 'kepler.gl':: Entry for package 'kepler.gl' does not exist in local types registry - skipping...
[20:55:21.986] 'react-is':: Entry for package 'react-is' does not exist in local types registry - skipping...
[20:55:21.986] 'react-palm':: Entry for package 'react-palm' does not exist in local types registry - skipping...
[20:55:21.986] 'react-redux':: Entry for package 'react-redux' does not exist in local types registry - skipping...
[20:55:21.986] All typings are known to be missing or invalid - no need to install more typings
[20:55:21.986] Sending response:
    {"projectName":"/dev/null/inferredProject2*","typeAcquisition":{"enable":true,"include":[],"exclude":[]},"compilerOptions":{"module":1,"target":3,"jsx":1,"allowJs":true,"allowSyntheticDefaultImports":true,"allowNonTsExtensions":true,"noEmitForJsFiles":true,"maxNodeModuleJsDepth":2},"typings":[],"unresolvedImports":["@babel/runtime","convert-csv-to-json","hoist-non-react-statics","kepler.gl","react-is","react-palm","react-redux"],"kind":"action::set"}
[20:55:21.986] Response has been sent.
[20:56:58.988] Got install request {"projectName":"/dev/null/inferredProject2*","fileNames":["/opt/homebrew/lib/node_modules/typescript/lib/lib.es5.d.ts","/opt/homebrew/lib/node_modules/typescript/lib/lib.es2015.d.ts","/opt/homebrew/lib/node_modules/typescript/lib/lib.es2016.d.ts","/opt/homebrew/lib/node_modules/typescript/lib/lib.dom.d.ts","/opt/homebrew/lib/node_modules/typescript/lib/lib.dom.iterable.d.ts","/opt/homebrew/lib/node_modules/typescript/lib/lib.webworker.importscripts.d.ts","/opt/homebrew/lib/node_modules/typescript/lib/lib.scripthost.d.ts","/opt/homebrew/lib/node_modules/typescript/lib/lib.es2015.core.d.ts","/opt/homebrew/lib/node_modules/typescript/lib/lib.es2015.collection.d.ts","/opt/homebrew/lib/node_modules/typescript/lib/lib.es2015.generator.d.ts","/opt/homebrew/lib/node_modules/typescript/lib/lib.es2015.iterable.d.ts","/opt/homebrew/lib/node_modules/typescript/lib/lib.es2015.promise.d.ts","/opt/homebrew/lib/node_modules/typescript/lib/lib.es2015.proxy.d.ts","/opt/homebrew/lib/node_modules/typescript/lib/lib.es2015.reflect.d.ts","/opt/homebrew/lib/node_modules/typescript/lib/lib.es2015.symbol.d.ts","/opt/homebrew/lib/node_modules/typescript/lib/lib.es2015.symbol.wellknown.d.ts","/opt/homebrew/lib/node_modules/typescript/lib/lib.es2016.array.include.d.ts","/opt/homebrew/lib/node_modules/typescript/lib/lib.es2016.full.d.ts","/Users/byeongcheollim/workspace/mapbox/keplergl-demo/src/App.js","/Users/byeongcheollim/workspace/mapbox/keplergl-demo/src/serviceWorker.js","/Users/byeongcheollim/workspace/mapbox/keplergl-demo/src/index.js"],"compilerOptions":{"module":1,"target":3,"jsx":1,"allowJs":true,"allowSyntheticDefaultImports":true,"allowNonTsExtensions":true,"noEmitForJsFiles":true,"maxNodeModuleJsDepth":2},"typeAcquisition":{"enable":true,"include":[],"exclude":[]},"unresolvedImports":["@babel/runtime","convert-csv-to-json","hoist-non-react-statics","kepler.gl","react-is","react-palm","react-redux"],"projectRootPath":"/Users/byeongcheollim/workspace/mapbox/keplergl-demo/src","kind":"discover"}
[20:56:58.989] Explicitly included types: []
[20:56:58.989] Inferred typings from unresolved imports: ["@babel/runtime","convert-csv-to-json","hoist-non-react-statics","kepler.gl","react-is","react-palm","react-redux"]
[20:56:58.989] Result: {"cachedTypingPaths":[],"newTypingNames":["@babel/runtime","convert-csv-to-json","hoist-non-react-statics","kepler.gl","react-is","react-palm","react-redux"],"filesToWatch":["/Users/byeongcheollim/workspace/mapbox/keplergl-demo/src/bower_components","/Users/byeongcheollim/workspace/mapbox/keplergl-demo/src/node_modules"]}
[20:56:58.989] Finished typings discovery: {"cachedTypingPaths":[],"newTypingNames":["@babel/runtime","convert-csv-to-json","hoist-non-react-statics","kepler.gl","react-is","react-palm","react-redux"],"filesToWatch":["/Users/byeongcheollim/workspace/mapbox/keplergl-demo/src/bower_components","/Users/byeongcheollim/workspace/mapbox/keplergl-demo/src/node_modules"]}
[20:56:58.989] Installing typings ["@babel/runtime","convert-csv-to-json","hoist-non-react-statics","kepler.gl","react-is","react-palm","react-redux"]
[20:56:58.990] '@babel/runtime':: Entry for package 'babel__runtime' does not exist in local types registry - skipping...
[20:56:58.990] 'convert-csv-to-json':: Entry for package 'convert-csv-to-json' does not exist in local types registry - skipping...
[20:56:58.990] 'hoist-non-react-statics':: Entry for package 'hoist-non-react-statics' does not exist in local types registry - skipping...
[20:56:58.990] 'kepler.gl':: Entry for package 'kepler.gl' does not exist in local types registry - skipping...
[20:56:58.990] 'react-is':: Entry for package 'react-is' does not exist in local types registry - skipping...
[20:56:58.990] 'react-palm':: Entry for package 'react-palm' does not exist in local types registry - skipping...
[20:56:58.990] 'react-redux':: Entry for package 'react-redux' does not exist in local types registry - skipping...
[20:56:58.990] All typings are known to be missing or invalid - no need to install more typings
[20:56:58.990] Sending response:
    {"projectName":"/dev/null/inferredProject2*","typeAcquisition":{"enable":true,"include":[],"exclude":[]},"compilerOptions":{"module":1,"target":3,"jsx":1,"allowJs":true,"allowSyntheticDefaultImports":true,"allowNonTsExtensions":true,"noEmitForJsFiles":true,"maxNodeModuleJsDepth":2},"typings":[],"unresolvedImports":["@babel/runtime","convert-csv-to-json","hoist-non-react-statics","kepler.gl","react-is","react-palm","react-redux"],"kind":"action::set"}
[20:56:58.990] Response has been sent.
[20:57:04.029] Got install request {"projectName":"/dev/null/inferredProject2*","fileNames":["/opt/homebrew/lib/node_modules/typescript/lib/lib.es5.d.ts","/opt/homebrew/lib/node_modules/typescript/lib/lib.es2015.d.ts","/opt/homebrew/lib/node_modules/typescript/lib/lib.es2016.d.ts","/opt/homebrew/lib/node_modules/typescript/lib/lib.dom.d.ts","/opt/homebrew/lib/node_modules/typescript/lib/lib.dom.iterable.d.ts","/opt/homebrew/lib/node_modules/typescript/lib/lib.webworker.importscripts.d.ts","/opt/homebrew/lib/node_modules/typescript/lib/lib.scripthost.d.ts","/opt/homebrew/lib/node_modules/typescript/lib/lib.es2015.core.d.ts","/opt/homebrew/lib/node_modules/typescript/lib/lib.es2015.collection.d.ts","/opt/homebrew/lib/node_modules/typescript/lib/lib.es2015.generator.d.ts","/opt/homebrew/lib/node_modules/typescript/lib/lib.es2015.iterable.d.ts","/opt/homebrew/lib/node_modules/typescript/lib/lib.es2015.promise.d.ts","/opt/homebrew/lib/node_modules/typescript/lib/lib.es2015.proxy.d.ts","/opt/homebrew/lib/node_modules/typescript/lib/lib.es2015.reflect.d.ts","/opt/homebrew/lib/node_modules/typescript/lib/lib.es2015.symbol.d.ts","/opt/homebrew/lib/node_modules/typescript/lib/lib.es2015.symbol.wellknown.d.ts","/opt/homebrew/lib/node_modules/typescript/lib/lib.es2016.array.include.d.ts","/opt/homebrew/lib/node_modules/typescript/lib/lib.es2016.full.d.ts","/Users/byeongcheollim/workspace/mapbox/keplergl-demo/src/App.js","/Users/byeongcheollim/workspace/mapbox/keplergl-demo/src/serviceWorker.js","/Users/byeongcheollim/workspace/mapbox/keplergl-demo/src/index.js"],"compilerOptions":{"module":1,"target":3,"jsx":1,"allowJs":true,"allowSyntheticDefaultImports":true,"allowNonTsExtensions":true,"noEmitForJsFiles":true,"maxNodeModuleJsDepth":2},"typeAcquisition":{"enable":true,"include":[],"exclude":[]},"unresolvedImports":["@babel/runtime","convert-csv-to-json","hoist-non-react-statics","kepler.gl","react-is","react-palm","react-redux"],"projectRootPath":"/Users/byeongcheollim/workspace/mapbox/keplergl-demo/src","kind":"discover"}
[20:57:04.029] Explicitly included types: []
[20:57:04.030] Inferred typings from unresolved imports: ["@babel/runtime","convert-csv-to-json","hoist-non-react-statics","kepler.gl","react-is","react-palm","react-redux"]
[20:57:04.030] Result: {"cachedTypingPaths":[],"newTypingNames":["@babel/runtime","convert-csv-to-json","hoist-non-react-statics","kepler.gl","react-is","react-palm","react-redux"],"filesToWatch":["/Users/byeongcheollim/workspace/mapbox/keplergl-demo/src/bower_components","/Users/byeongcheollim/workspace/mapbox/keplergl-demo/src/node_modules"]}
[20:57:04.030] Finished typings discovery: {"cachedTypingPaths":[],"newTypingNames":["@babel/runtime","convert-csv-to-json","hoist-non-react-statics","kepler.gl","react-is","react-palm","react-redux"],"filesToWatch":["/Users/byeongcheollim/workspace/mapbox/keplergl-demo/src/bower_components","/Users/byeongcheollim/workspace/mapbox/keplergl-demo/src/node_modules"]}
[20:57:04.030] Installing typings ["@babel/runtime","convert-csv-to-json","hoist-non-react-statics","kepler.gl","react-is","react-palm","react-redux"]
[20:57:04.030] '@babel/runtime':: Entry for package 'babel__runtime' does not exist in local types registry - skipping...
[20:57:04.030] 'convert-csv-to-json':: Entry for package 'convert-csv-to-json' does not exist in local types registry - skipping...
[20:57:04.030] 'hoist-non-react-statics':: Entry for package 'hoist-non-react-statics' does not exist in local types registry - skipping...
[20:57:04.030] 'kepler.gl':: Entry for package 'kepler.gl' does not exist in local types registry - skipping...
[20:57:04.030] 'react-is':: Entry for package 'react-is' does not exist in local types registry - skipping...
[20:57:04.030] 'react-palm':: Entry for package 'react-palm' does not exist in local types registry - skipping...
[20:57:04.031] 'react-redux':: Entry for package 'react-redux' does not exist in local types registry - skipping...
[20:57:04.031] All typings are known to be missing or invalid - no need to install more typings
[20:57:04.031] Sending response:
    {"projectName":"/dev/null/inferredProject2*","typeAcquisition":{"enable":true,"include":[],"exclude":[]},"compilerOptions":{"module":1,"target":3,"jsx":1,"allowJs":true,"allowSyntheticDefaultImports":true,"allowNonTsExtensions":true,"noEmitForJsFiles":true,"maxNodeModuleJsDepth":2},"typings":[],"unresolvedImports":["@babel/runtime","convert-csv-to-json","hoist-non-react-statics","kepler.gl","react-is","react-palm","react-redux"],"kind":"action::set"}
[20:57:04.031] Response has been sent.
[20:57:04.788] Got install request {"projectName":"/dev/null/inferredProject2*","fileNames":["/opt/homebrew/lib/node_modules/typescript/lib/lib.es5.d.ts","/opt/homebrew/lib/node_modules/typescript/lib/lib.es2015.d.ts","/opt/homebrew/lib/node_modules/typescript/lib/lib.es2016.d.ts","/opt/homebrew/lib/node_modules/typescript/lib/lib.dom.d.ts","/opt/homebrew/lib/node_modules/typescript/lib/lib.dom.iterable.d.ts","/opt/homebrew/lib/node_modules/typescript/lib/lib.webworker.importscripts.d.ts","/opt/homebrew/lib/node_modules/typescript/lib/lib.scripthost.d.ts","/opt/homebrew/lib/node_modules/typescript/lib/lib.es2015.core.d.ts","/opt/homebrew/lib/node_modules/typescript/lib/lib.es2015.collection.d.ts","/opt/homebrew/lib/node_modules/typescript/lib/lib.es2015.generator.d.ts","/opt/homebrew/lib/node_modules/typescript/lib/lib.es2015.iterable.d.ts","/opt/homebrew/lib/node_modules/typescript/lib/lib.es2015.promise.d.ts","/opt/homebrew/lib/node_modules/typescript/lib/lib.es2015.proxy.d.ts","/opt/homebrew/lib/node_modules/typescript/lib/lib.es2015.reflect.d.ts","/opt/homebrew/lib/node_modules/typescript/lib/lib.es2015.symbol.d.ts","/opt/homebrew/lib/node_modules/typescript/lib/lib.es2015.symbol.wellknown.d.ts","/opt/homebrew/lib/node_modules/typescript/lib/lib.es2016.array.include.d.ts","/opt/homebrew/lib/node_modules/typescript/lib/lib.es2016.full.d.ts","/Users/byeongcheollim/workspace/mapbox/keplergl-demo/src/App.js","/Users/byeongcheollim/workspace/mapbox/keplergl-demo/src/serviceWorker.js","/Users/byeongcheollim/workspace/mapbox/keplergl-demo/src/index.js"],"compilerOptions":{"module":1,"target":3,"jsx":1,"allowJs":true,"allowSyntheticDefaultImports":true,"allowNonTsExtensions":true,"noEmitForJsFiles":true,"maxNodeModuleJsDepth":2},"typeAcquisition":{"enable":true,"include":[],"exclude":[]},"unresolvedImports":["@babel/runtime","convert-csv-to-json","hoist-non-react-statics","kepler.gl","react-is","react-palm","react-redux"],"projectRootPath":"/Users/byeongcheollim/workspace/mapbox/keplergl-demo/src","kind":"discover"}
[20:57:04.788] Explicitly included types: []
[20:57:04.789] Inferred typings from unresolved imports: ["@babel/runtime","convert-csv-to-json","hoist-non-react-statics","kepler.gl","react-is","react-palm","react-redux"]
[20:57:04.789] Result: {"cachedTypingPaths":[],"newTypingNames":["@babel/runtime","convert-csv-to-json","hoist-non-react-statics","kepler.gl","react-is","react-palm","react-redux"],"filesToWatch":["/Users/byeongcheollim/workspace/mapbox/keplergl-demo/src/bower_components","/Users/byeongcheollim/workspace/mapbox/keplergl-demo/src/node_modules"]}
[20:57:04.789] Finished typings discovery: {"cachedTypingPaths":[],"newTypingNames":["@babel/runtime","convert-csv-to-json","hoist-non-react-statics","kepler.gl","react-is","react-palm","react-redux"],"filesToWatch":["/Users/byeongcheollim/workspace/mapbox/keplergl-demo/src/bower_components","/Users/byeongcheollim/workspace/mapbox/keplergl-demo/src/node_modules"]}
[20:57:04.789] Installing typings ["@babel/runtime","convert-csv-to-json","hoist-non-react-statics","kepler.gl","react-is","react-palm","react-redux"]
[20:57:04.789] '@babel/runtime':: Entry for package 'babel__runtime' does not exist in local types registry - skipping...
[20:57:04.789] 'convert-csv-to-json':: Entry for package 'convert-csv-to-json' does not exist in local types registry - skipping...
[20:57:04.789] 'hoist-non-react-statics':: Entry for package 'hoist-non-react-statics' does not exist in local types registry - skipping...
[20:57:04.789] 'kepler.gl':: Entry for package 'kepler.gl' does not exist in local types registry - skipping...
[20:57:04.789] 'react-is':: Entry for package 'react-is' does not exist in local types registry - skipping...
[20:57:04.789] 'react-palm':: Entry for package 'react-palm' does not exist in local types registry - skipping...
[20:57:04.789] 'react-redux':: Entry for package 'react-redux' does not exist in local types registry - skipping...
[20:57:04.789] All typings are known to be missing or invalid - no need to install more typings
[20:57:04.789] Sending response:
    {"projectName":"/dev/null/inferredProject2*","typeAcquisition":{"enable":true,"include":[],"exclude":[]},"compilerOptions":{"module":1,"target":3,"jsx":1,"allowJs":true,"allowSyntheticDefaultImports":true,"allowNonTsExtensions":true,"noEmitForJsFiles":true,"maxNodeModuleJsDepth":2},"typings":[],"unresolvedImports":["@babel/runtime","convert-csv-to-json","hoist-non-react-statics","kepler.gl","react-is","react-palm","react-redux"],"kind":"action::set"}
[20:57:04.790] Response has been sent.
[20:57:06.901] Got install request {"projectName":"/dev/null/inferredProject2*","fileNames":["/opt/homebrew/lib/node_modules/typescript/lib/lib.es5.d.ts","/opt/homebrew/lib/node_modules/typescript/lib/lib.es2015.d.ts","/opt/homebrew/lib/node_modules/typescript/lib/lib.es2016.d.ts","/opt/homebrew/lib/node_modules/typescript/lib/lib.dom.d.ts","/opt/homebrew/lib/node_modules/typescript/lib/lib.dom.iterable.d.ts","/opt/homebrew/lib/node_modules/typescript/lib/lib.webworker.importscripts.d.ts","/opt/homebrew/lib/node_modules/typescript/lib/lib.scripthost.d.ts","/opt/homebrew/lib/node_modules/typescript/lib/lib.es2015.core.d.ts","/opt/homebrew/lib/node_modules/typescript/lib/lib.es2015.collection.d.ts","/opt/homebrew/lib/node_modules/typescript/lib/lib.es2015.generator.d.ts","/opt/homebrew/lib/node_modules/typescript/lib/lib.es2015.iterable.d.ts","/opt/homebrew/lib/node_modules/typescript/lib/lib.es2015.promise.d.ts","/opt/homebrew/lib/node_modules/typescript/lib/lib.es2015.proxy.d.ts","/opt/homebrew/lib/node_modules/typescript/lib/lib.es2015.reflect.d.ts","/opt/homebrew/lib/node_modules/typescript/lib/lib.es2015.symbol.d.ts","/opt/homebrew/lib/node_modules/typescript/lib/lib.es2015.symbol.wellknown.d.ts","/opt/homebrew/lib/node_modules/typescript/lib/lib.es2016.array.include.d.ts","/opt/homebrew/lib/node_modules/typescript/lib/lib.es2016.full.d.ts","/Users/byeongcheollim/workspace/mapbox/keplergl-demo/src/App.js","/Users/byeongcheollim/workspace/mapbox/keplergl-demo/src/serviceWorker.js","/Users/byeongcheollim/workspace/mapbox/keplergl-demo/src/index.js"],"compilerOptions":{"module":1,"target":3,"jsx":1,"allowJs":true,"allowSyntheticDefaultImports":true,"allowNonTsExtensions":true,"noEmitForJsFiles":true,"maxNodeModuleJsDepth":2},"typeAcquisition":{"enable":true,"include":[],"exclude":[]},"unresolvedImports":["@babel/runtime","convert-csv-to-json","hoist-non-react-statics","kepler.gl","react-is","react-palm","react-redux"],"projectRootPath":"/Users/byeongcheollim/workspace/mapbox/keplergl-demo/src","kind":"discover"}
[20:57:06.901] Explicitly included types: []
[20:57:06.902] Inferred typings from unresolved imports: ["@babel/runtime","convert-csv-to-json","hoist-non-react-statics","kepler.gl","react-is","react-palm","react-redux"]
[20:57:06.902] Result: {"cachedTypingPaths":[],"newTypingNames":["@babel/runtime","convert-csv-to-json","hoist-non-react-statics","kepler.gl","react-is","react-palm","react-redux"],"filesToWatch":["/Users/byeongcheollim/workspace/mapbox/keplergl-demo/src/bower_components","/Users/byeongcheollim/workspace/mapbox/keplergl-demo/src/node_modules"]}
[20:57:06.902] Finished typings discovery: {"cachedTypingPaths":[],"newTypingNames":["@babel/runtime","convert-csv-to-json","hoist-non-react-statics","kepler.gl","react-is","react-palm","react-redux"],"filesToWatch":["/Users/byeongcheollim/workspace/mapbox/keplergl-demo/src/bower_components","/Users/byeongcheollim/workspace/mapbox/keplergl-demo/src/node_modules"]}
[20:57:06.902] Installing typings ["@babel/runtime","convert-csv-to-json","hoist-non-react-statics","kepler.gl","react-is","react-palm","react-redux"]
[20:57:06.902] '@babel/runtime':: Entry for package 'babel__runtime' does not exist in local types registry - skipping...
[20:57:06.902] 'convert-csv-to-json':: Entry for package 'convert-csv-to-json' does not exist in local types registry - skipping...
[20:57:06.902] 'hoist-non-react-statics':: Entry for package 'hoist-non-react-statics' does not exist in local types registry - skipping...
[20:57:06.902] 'kepler.gl':: Entry for package 'kepler.gl' does not exist in local types registry - skipping...
[20:57:06.902] 'react-is':: Entry for package 'react-is' does not exist in local types registry - skipping...
[20:57:06.903] 'react-palm':: Entry for package 'react-palm' does not exist in local types registry - skipping...
[20:57:06.903] 'react-redux':: Entry for package 'react-redux' does not exist in local types registry - skipping...
[20:57:06.903] All typings are known to be missing or invalid - no need to install more typings
[20:57:06.903] Sending response:
    {"projectName":"/dev/null/inferredProject2*","typeAcquisition":{"enable":true,"include":[],"exclude":[]},"compilerOptions":{"module":1,"target":3,"jsx":1,"allowJs":true,"allowSyntheticDefaultImports":true,"allowNonTsExtensions":true,"noEmitForJsFiles":true,"maxNodeModuleJsDepth":2},"typings":[],"unresolvedImports":["@babel/runtime","convert-csv-to-json","hoist-non-react-statics","kepler.gl","react-is","react-palm","react-redux"],"kind":"action::set"}
[20:57:06.903] Response has been sent.
[20:57:07.938] Got install request {"projectName":"/dev/null/inferredProject2*","fileNames":["/opt/homebrew/lib/node_modules/typescript/lib/lib.es5.d.ts","/opt/homebrew/lib/node_modules/typescript/lib/lib.es2015.d.ts","/opt/homebrew/lib/node_modules/typescript/lib/lib.es2016.d.ts","/opt/homebrew/lib/node_modules/typescript/lib/lib.dom.d.ts","/opt/homebrew/lib/node_modules/typescript/lib/lib.dom.iterable.d.ts","/opt/homebrew/lib/node_modules/typescript/lib/lib.webworker.importscripts.d.ts","/opt/homebrew/lib/node_modules/typescript/lib/lib.scripthost.d.ts","/opt/homebrew/lib/node_modules/typescript/lib/lib.es2015.core.d.ts","/opt/homebrew/lib/node_modules/typescript/lib/lib.es2015.collection.d.ts","/opt/homebrew/lib/node_modules/typescript/lib/lib.es2015.generator.d.ts","/opt/homebrew/lib/node_modules/typescript/lib/lib.es2015.iterable.d.ts","/opt/homebrew/lib/node_modules/typescript/lib/lib.es2015.promise.d.ts","/opt/homebrew/lib/node_modules/typescript/lib/lib.es2015.proxy.d.ts","/opt/homebrew/lib/node_modules/typescript/lib/lib.es2015.reflect.d.ts","/opt/homebrew/lib/node_modules/typescript/lib/lib.es2015.symbol.d.ts","/opt/homebrew/lib/node_modules/typescript/lib/lib.es2015.symbol.wellknown.d.ts","/opt/homebrew/lib/node_modules/typescript/lib/lib.es2016.array.include.d.ts","/opt/homebrew/lib/node_modules/typescript/lib/lib.es2016.full.d.ts","/Users/byeongcheollim/workspace/mapbox/keplergl-demo/src/App.js","/Users/byeongcheollim/workspace/mapbox/keplergl-demo/src/serviceWorker.js","/Users/byeongcheollim/workspace/mapbox/keplergl-demo/src/index.js"],"compilerOptions":{"module":1,"target":3,"jsx":1,"allowJs":true,"allowSyntheticDefaultImports":true,"allowNonTsExtensions":true,"noEmitForJsFiles":true,"maxNodeModuleJsDepth":2},"typeAcquisition":{"enable":true,"include":[],"exclude":[]},"unresolvedImports":["@babel/runtime","convert-csv-to-json","hoist-non-react-statics","kepler.gl","react-is","react-palm","react-redux"],"projectRootPath":"/Users/byeongcheollim/workspace/mapbox/keplergl-demo/src","kind":"discover"}
[20:57:07.939] Explicitly included types: []
[20:57:07.939] Inferred typings from unresolved imports: ["@babel/runtime","convert-csv-to-json","hoist-non-react-statics","kepler.gl","react-is","react-palm","react-redux"]
[20:57:07.940] Result: {"cachedTypingPaths":[],"newTypingNames":["@babel/runtime","convert-csv-to-json","hoist-non-react-statics","kepler.gl","react-is","react-palm","react-redux"],"filesToWatch":["/Users/byeongcheollim/workspace/mapbox/keplergl-demo/src/bower_components","/Users/byeongcheollim/workspace/mapbox/keplergl-demo/src/node_modules"]}
[20:57:07.940] Finished typings discovery: {"cachedTypingPaths":[],"newTypingNames":["@babel/runtime","convert-csv-to-json","hoist-non-react-statics","kepler.gl","react-is","react-palm","react-redux"],"filesToWatch":["/Users/byeongcheollim/workspace/mapbox/keplergl-demo/src/bower_components","/Users/byeongcheollim/workspace/mapbox/keplergl-demo/src/node_modules"]}
[20:57:07.940] Installing typings ["@babel/runtime","convert-csv-to-json","hoist-non-react-statics","kepler.gl","react-is","react-palm","react-redux"]
[20:57:07.940] '@babel/runtime':: Entry for package 'babel__runtime' does not exist in local types registry - skipping...
[20:57:07.940] 'convert-csv-to-json':: Entry for package 'convert-csv-to-json' does not exist in local types registry - skipping...
[20:57:07.940] 'hoist-non-react-statics':: Entry for package 'hoist-non-react-statics' does not exist in local types registry - skipping...
[20:57:07.940] 'kepler.gl':: Entry for package 'kepler.gl' does not exist in local types registry - skipping...
[20:57:07.940] 'react-is':: Entry for package 'react-is' does not exist in local types registry - skipping...
[20:57:07.940] 'react-palm':: Entry for package 'react-palm' does not exist in local types registry - skipping...
[20:57:07.940] 'react-redux':: Entry for package 'react-redux' does not exist in local types registry - skipping...
[20:57:07.940] All typings are known to be missing or invalid - no need to install more typings
[20:57:07.940] Sending response:
    {"projectName":"/dev/null/inferredProject2*","typeAcquisition":{"enable":true,"include":[],"exclude":[]},"compilerOptions":{"module":1,"target":3,"jsx":1,"allowJs":true,"allowSyntheticDefaultImports":true,"allowNonTsExtensions":true,"noEmitForJsFiles":true,"maxNodeModuleJsDepth":2},"typings":[],"unresolvedImports":["@babel/runtime","convert-csv-to-json","hoist-non-react-statics","kepler.gl","react-is","react-palm","react-redux"],"kind":"action::set"}
[20:57:07.940] Response has been sent.
[21:55:28.833] Got install request {"projectName":"/dev/null/inferredProject2*","fileNames":["/opt/homebrew/lib/node_modules/typescript/lib/lib.es5.d.ts","/opt/homebrew/lib/node_modules/typescript/lib/lib.es2015.d.ts","/opt/homebrew/lib/node_modules/typescript/lib/lib.es2016.d.ts","/opt/homebrew/lib/node_modules/typescript/lib/lib.dom.d.ts","/opt/homebrew/lib/node_modules/typescript/lib/lib.dom.iterable.d.ts","/opt/homebrew/lib/node_modules/typescript/lib/lib.webworker.importscripts.d.ts","/opt/homebrew/lib/node_modules/typescript/lib/lib.scripthost.d.ts","/opt/homebrew/lib/node_modules/typescript/lib/lib.es2015.core.d.ts","/opt/homebrew/lib/node_modules/typescript/lib/lib.es2015.collection.d.ts","/opt/homebrew/lib/node_modules/typescript/lib/lib.es2015.generator.d.ts","/opt/homebrew/lib/node_modules/typescript/lib/lib.es2015.iterable.d.ts","/opt/homebrew/lib/node_modules/typescript/lib/lib.es2015.promise.d.ts","/opt/homebrew/lib/node_modules/typescript/lib/lib.es2015.proxy.d.ts","/opt/homebrew/lib/node_modules/typescript/lib/lib.es2015.reflect.d.ts","/opt/homebrew/lib/node_modules/typescript/lib/lib.es2015.symbol.d.ts","/opt/homebrew/lib/node_modules/typescript/lib/lib.es2015.symbol.wellknown.d.ts","/opt/homebrew/lib/node_modules/typescript/lib/lib.es2016.array.include.d.ts","/opt/homebrew/lib/node_modules/typescript/lib/lib.es2016.full.d.ts","/Users/byeongcheollim/workspace/mapbox/keplergl-demo/src/App.js"],"compilerOptions":{"module":1,"target":3,"jsx":1,"allowJs":true,"allowSyntheticDefaultImports":true,"allowNonTsExtensions":true,"noEmitForJsFiles":true,"maxNodeModuleJsDepth":2},"typeAcquisition":{"enable":true,"include":[],"exclude":[]},"unresolvedImports":["@babel/runtime","hoist-non-react-statics","kepler.gl","react-is","react-palm","react-redux"],"projectRootPath":"/Users/byeongcheollim/workspace/mapbox/keplergl-demo/src","kind":"discover"}
[21:55:28.833] Explicitly included types: []
[21:55:28.834] Inferred typings from unresolved imports: ["@babel/runtime","hoist-non-react-statics","kepler.gl","react-is","react-palm","react-redux"]
[21:55:28.834] Result: {"cachedTypingPaths":[],"newTypingNames":["@babel/runtime","hoist-non-react-statics","kepler.gl","react-is","react-palm","react-redux"],"filesToWatch":["/Users/byeongcheollim/workspace/mapbox/keplergl-demo/src/bower_components","/Users/byeongcheollim/workspace/mapbox/keplergl-demo/src/node_modules"]}
[21:55:28.834] Finished typings discovery: {"cachedTypingPaths":[],"newTypingNames":["@babel/runtime","hoist-non-react-statics","kepler.gl","react-is","react-palm","react-redux"],"filesToWatch":["/Users/byeongcheollim/workspace/mapbox/keplergl-demo/src/bower_components","/Users/byeongcheollim/workspace/mapbox/keplergl-demo/src/node_modules"]}
[21:55:28.834] Installing typings ["@babel/runtime","hoist-non-react-statics","kepler.gl","react-is","react-palm","react-redux"]
[21:55:28.834] '@babel/runtime':: Entry for package 'babel__runtime' does not exist in local types registry - skipping...
[21:55:28.834] 'hoist-non-react-statics':: Entry for package 'hoist-non-react-statics' does not exist in local types registry - skipping...
[21:55:28.835] 'kepler.gl':: Entry for package 'kepler.gl' does not exist in local types registry - skipping...
[21:55:28.835] 'react-is':: Entry for package 'react-is' does not exist in local types registry - skipping...
[21:55:28.835] 'react-palm':: Entry for package 'react-palm' does not exist in local types registry - skipping...
[21:55:28.835] 'react-redux':: Entry for package 'react-redux' does not exist in local types registry - skipping...
[21:55:28.835] All typings are known to be missing or invalid - no need to install more typings
[21:55:28.835] Sending response:
    {"projectName":"/dev/null/inferredProject2*","typeAcquisition":{"enable":true,"include":[],"exclude":[]},"compilerOptions":{"module":1,"target":3,"jsx":1,"allowJs":true,"allowSyntheticDefaultImports":true,"allowNonTsExtensions":true,"noEmitForJsFiles":true,"maxNodeModuleJsDepth":2},"typings":[],"unresolvedImports":["@babel/runtime","hoist-non-react-statics","kepler.gl","react-is","react-palm","react-redux"],"kind":"action::set"}
[21:55:28.835] Response has been sent.
