[02:00:21.179] Global cache location '/Users/byeongcheollim/Library/Caches/typescript/4.7', safe file path '/opt/homebrew/lib/node_modules/typescript/lib/typingsafelist.json', types map path /opt/homebrew/lib/node_modules/typescript/lib/typesmap.json
[02:00:21.180] Processing cache location '/Users/byeongcheollim/Library/Caches/typescript/4.7'
[02:00:21.180] Trying to find '/Users/byeongcheollim/Library/Caches/typescript/4.7/package.json'...
[02:00:21.181] Finished processing cache location '/Users/byeongcheollim/Library/Caches/typescript/4.7'
[02:00:21.181] Process id: 20511
[02:00:21.181] NPM location: /opt/homebrew/Cellar/node/18.7.0/bin/npm (explicit '--npmLocation' not  provided)
[02:00:21.181] validateDefaultNpmLocation: false
[02:00:21.181] Npm config file: /Users/byeongcheollim/Library/Caches/typescript/4.7/package.json
[02:00:21.181] Updating types-registry npm package...
[02:00:21.181] Exec: /opt/homebrew/Cellar/node/18.7.0/bin/npm install --ignore-scripts types-registry@latest
[02:00:21.185]     Failed. stdout:
    stderr:
    /bin/sh: /opt/homebrew/Cellar/node/18.7.0/bin/npm: No such file or directory
    
[02:00:21.185] Updated types-registry npm package
[02:00:21.185] Types registry file '/Users/byeongcheollim/Library/Caches/typescript/4.7/node_modules/types-registry/index.json' does not exist
[02:00:21.763] Got install request {"projectName":"/dev/null/inferredProject1*","fileNames":["/opt/homebrew/lib/node_modules/typescript/lib/lib.es5.d.ts","/opt/homebrew/lib/node_modules/typescript/lib/lib.es2015.d.ts","/opt/homebrew/lib/node_modules/typescript/lib/lib.es2016.d.ts","/opt/homebrew/lib/node_modules/typescript/lib/lib.dom.d.ts","/opt/homebrew/lib/node_modules/typescript/lib/lib.dom.iterable.d.ts","/opt/homebrew/lib/node_modules/typescript/lib/lib.webworker.importscripts.d.ts","/opt/homebrew/lib/node_modules/typescript/lib/lib.scripthost.d.ts","/opt/homebrew/lib/node_modules/typescript/lib/lib.es2015.core.d.ts","/opt/homebrew/lib/node_modules/typescript/lib/lib.es2015.collection.d.ts","/opt/homebrew/lib/node_modules/typescript/lib/lib.es2015.generator.d.ts","/opt/homebrew/lib/node_modules/typescript/lib/lib.es2015.iterable.d.ts","/opt/homebrew/lib/node_modules/typescript/lib/lib.es2015.promise.d.ts","/opt/homebrew/lib/node_modules/typescript/lib/lib.es2015.proxy.d.ts","/opt/homebrew/lib/node_modules/typescript/lib/lib.es2015.reflect.d.ts","/opt/homebrew/lib/node_modules/typescript/lib/lib.es2015.symbol.d.ts","/opt/homebrew/lib/node_modules/typescript/lib/lib.es2015.symbol.wellknown.d.ts","/opt/homebrew/lib/node_modules/typescript/lib/lib.es2016.array.include.d.ts","/opt/homebrew/lib/node_modules/typescript/lib/lib.es2016.full.d.ts","/Users/byeongcheollim/workspace/mapbox/keplergl-demo/src/App.js"],"compilerOptions":{"module":1,"target":3,"jsx":1,"allowJs":true,"allowSyntheticDefaultImports":true,"allowNonTsExtensions":true,"noEmitForJsFiles":true,"maxNodeModuleJsDepth":2},"typeAcquisition":{"enable":true,"include":[],"exclude":[]},"unresolvedImports":["@babel/runtime","hoist-non-react-statics","kepler.gl","react-is","react-palm","react-redux"],"projectRootPath":"/Users/byeongcheollim/workspace/mapbox/keplergl-demo/src","kind":"discover"}
[02:00:21.773] Loaded safelist from types map file '/opt/homebrew/lib/node_modules/typescript/lib/typesmap.json'
[02:00:21.773] Explicitly included types: []
[02:00:21.774] Inferred typings from unresolved imports: ["@babel/runtime","hoist-non-react-statics","kepler.gl","react-is","react-palm","react-redux"]
[02:00:21.774] Result: {"cachedTypingPaths":[],"newTypingNames":["@babel/runtime","hoist-non-react-statics","kepler.gl","react-is","react-palm","react-redux"],"filesToWatch":["/Users/byeongcheollim/workspace/mapbox/keplergl-demo/src/bower_components","/Users/byeongcheollim/workspace/mapbox/keplergl-demo/src/node_modules"]}
[02:00:21.774] Finished typings discovery: {"cachedTypingPaths":[],"newTypingNames":["@babel/runtime","hoist-non-react-statics","kepler.gl","react-is","react-palm","react-redux"],"filesToWatch":["/Users/byeongcheollim/workspace/mapbox/keplergl-demo/src/bower_components","/Users/byeongcheollim/workspace/mapbox/keplergl-demo/src/node_modules"]}
[02:00:21.774] DirectoryWatcher:: Added:: WatchInfo: /Users/byeongcheollim/workspace/mapbox/keplergl-demo/src/bower_components
[02:00:21.774] DirectoryWatcher:: Added:: WatchInfo: /Users/byeongcheollim/workspace/mapbox/keplergl-demo/src/bower_components 1 undefined Project: /dev/null/inferredProject1* watcher already invoked: false
[02:00:21.775] Elapsed:: 0.43916700035333633ms DirectoryWatcher:: Added:: WatchInfo: /Users/byeongcheollim/workspace/mapbox/keplergl-demo/src/bower_components 1 undefined Project: /dev/null/inferredProject1* watcher already invoked: false
[02:00:21.775] DirectoryWatcher:: Added:: WatchInfo: /Users/byeongcheollim/workspace/mapbox/keplergl-demo/src/node_modules
[02:00:21.775] DirectoryWatcher:: Added:: WatchInfo: /Users/byeongcheollim/workspace/mapbox/keplergl-demo/src/node_modules 1 undefined Project: /dev/null/inferredProject1* watcher already invoked: false
[02:00:21.775] Elapsed:: 0.06241700053215027ms DirectoryWatcher:: Added:: WatchInfo: /Users/byeongcheollim/workspace/mapbox/keplergl-demo/src/node_modules 1 undefined Project: /dev/null/inferredProject1* watcher already invoked: false
[02:00:21.775] Installing typings ["@babel/runtime","hoist-non-react-statics","kepler.gl","react-is","react-palm","react-redux"]
[02:00:21.776] '@babel/runtime':: Entry for package 'babel__runtime' does not exist in local types registry - skipping...
[02:00:21.776] 'hoist-non-react-statics':: Entry for package 'hoist-non-react-statics' does not exist in local types registry - skipping...
[02:00:21.776] 'kepler.gl':: Entry for package 'kepler.gl' does not exist in local types registry - skipping...
[02:00:21.776] 'react-is':: Entry for package 'react-is' does not exist in local types registry - skipping...
[02:00:21.776] 'react-palm':: Entry for package 'react-palm' does not exist in local types registry - skipping...
[02:00:21.776] 'react-redux':: Entry for package 'react-redux' does not exist in local types registry - skipping...
[02:00:21.776] All typings are known to be missing or invalid - no need to install more typings
[02:00:21.776] Sending response:
    {"projectName":"/dev/null/inferredProject1*","typeAcquisition":{"enable":true,"include":[],"exclude":[]},"compilerOptions":{"module":1,"target":3,"jsx":1,"allowJs":true,"allowSyntheticDefaultImports":true,"allowNonTsExtensions":true,"noEmitForJsFiles":true,"maxNodeModuleJsDepth":2},"typings":[],"unresolvedImports":["@babel/runtime","hoist-non-react-statics","kepler.gl","react-is","react-palm","react-redux"],"kind":"action::set"}
[02:00:21.776] Response has been sent.
[02:00:24.068] Got install request {"projectName":"/dev/null/inferredProject1*","fileNames":["/opt/homebrew/lib/node_modules/typescript/lib/lib.es5.d.ts","/opt/homebrew/lib/node_modules/typescript/lib/lib.es2015.d.ts","/opt/homebrew/lib/node_modules/typescript/lib/lib.es2016.d.ts","/opt/homebrew/lib/node_modules/typescript/lib/lib.dom.d.ts","/opt/homebrew/lib/node_modules/typescript/lib/lib.dom.iterable.d.ts","/opt/homebrew/lib/node_modules/typescript/lib/lib.webworker.importscripts.d.ts","/opt/homebrew/lib/node_modules/typescript/lib/lib.scripthost.d.ts","/opt/homebrew/lib/node_modules/typescript/lib/lib.es2015.core.d.ts","/opt/homebrew/lib/node_modules/typescript/lib/lib.es2015.collection.d.ts","/opt/homebrew/lib/node_modules/typescript/lib/lib.es2015.generator.d.ts","/opt/homebrew/lib/node_modules/typescript/lib/lib.es2015.iterable.d.ts","/opt/homebrew/lib/node_modules/typescript/lib/lib.es2015.promise.d.ts","/opt/homebrew/lib/node_modules/typescript/lib/lib.es2015.proxy.d.ts","/opt/homebrew/lib/node_modules/typescript/lib/lib.es2015.reflect.d.ts","/opt/homebrew/lib/node_modules/typescript/lib/lib.es2015.symbol.d.ts","/opt/homebrew/lib/node_modules/typescript/lib/lib.es2015.symbol.wellknown.d.ts","/opt/homebrew/lib/node_modules/typescript/lib/lib.es2016.array.include.d.ts","/opt/homebrew/lib/node_modules/typescript/lib/lib.es2016.full.d.ts","/Users/byeongcheollim/workspace/mapbox/keplergl-demo/src/App.js"],"compilerOptions":{"module":1,"target":3,"jsx":1,"allowJs":true,"allowSyntheticDefaultImports":true,"allowNonTsExtensions":true,"noEmitForJsFiles":true,"maxNodeModuleJsDepth":2},"typeAcquisition":{"enable":true,"include":[],"exclude":[]},"unresolvedImports":["@babel/runtime","hoist-non-react-statics","kepler.gl","react-is","react-palm","react-redux"],"projectRootPath":"/Users/byeongcheollim/workspace/mapbox/keplergl-demo/src","kind":"discover"}
[02:00:24.068] Explicitly included types: []
[02:00:24.069] Inferred typings from unresolved imports: ["@babel/runtime","hoist-non-react-statics","kepler.gl","react-is","react-palm","react-redux"]
[02:00:24.069] Result: {"cachedTypingPaths":[],"newTypingNames":["@babel/runtime","hoist-non-react-statics","kepler.gl","react-is","react-palm","react-redux"],"filesToWatch":["/Users/byeongcheollim/workspace/mapbox/keplergl-demo/src/bower_components","/Users/byeongcheollim/workspace/mapbox/keplergl-demo/src/node_modules"]}
[02:00:24.069] Finished typings discovery: {"cachedTypingPaths":[],"newTypingNames":["@babel/runtime","hoist-non-react-statics","kepler.gl","react-is","react-palm","react-redux"],"filesToWatch":["/Users/byeongcheollim/workspace/mapbox/keplergl-demo/src/bower_components","/Users/byeongcheollim/workspace/mapbox/keplergl-demo/src/node_modules"]}
[02:00:24.069] Installing typings ["@babel/runtime","hoist-non-react-statics","kepler.gl","react-is","react-palm","react-redux"]
[02:00:24.069] '@babel/runtime':: Entry for package 'babel__runtime' does not exist in local types registry - skipping...
[02:00:24.069] 'hoist-non-react-statics':: Entry for package 'hoist-non-react-statics' does not exist in local types registry - skipping...
[02:00:24.069] 'kepler.gl':: Entry for package 'kepler.gl' does not exist in local types registry - skipping...
[02:00:24.069] 'react-is':: Entry for package 'react-is' does not exist in local types registry - skipping...
[02:00:24.069] 'react-palm':: Entry for package 'react-palm' does not exist in local types registry - skipping...
[02:00:24.069] 'react-redux':: Entry for package 'react-redux' does not exist in local types registry - skipping...
[02:00:24.069] All typings are known to be missing or invalid - no need to install more typings
[02:00:24.070] Sending response:
    {"projectName":"/dev/null/inferredProject1*","typeAcquisition":{"enable":true,"include":[],"exclude":[]},"compilerOptions":{"module":1,"target":3,"jsx":1,"allowJs":true,"allowSyntheticDefaultImports":true,"allowNonTsExtensions":true,"noEmitForJsFiles":true,"maxNodeModuleJsDepth":2},"typings":[],"unresolvedImports":["@babel/runtime","hoist-non-react-statics","kepler.gl","react-is","react-palm","react-redux"],"kind":"action::set"}
[02:00:24.070] Response has been sent.
[02:00:24.787] Got install request {"projectName":"/dev/null/inferredProject1*","fileNames":["/opt/homebrew/lib/node_modules/typescript/lib/lib.es5.d.ts","/opt/homebrew/lib/node_modules/typescript/lib/lib.es2015.d.ts","/opt/homebrew/lib/node_modules/typescript/lib/lib.es2016.d.ts","/opt/homebrew/lib/node_modules/typescript/lib/lib.dom.d.ts","/opt/homebrew/lib/node_modules/typescript/lib/lib.dom.iterable.d.ts","/opt/homebrew/lib/node_modules/typescript/lib/lib.webworker.importscripts.d.ts","/opt/homebrew/lib/node_modules/typescript/lib/lib.scripthost.d.ts","/opt/homebrew/lib/node_modules/typescript/lib/lib.es2015.core.d.ts","/opt/homebrew/lib/node_modules/typescript/lib/lib.es2015.collection.d.ts","/opt/homebrew/lib/node_modules/typescript/lib/lib.es2015.generator.d.ts","/opt/homebrew/lib/node_modules/typescript/lib/lib.es2015.iterable.d.ts","/opt/homebrew/lib/node_modules/typescript/lib/lib.es2015.promise.d.ts","/opt/homebrew/lib/node_modules/typescript/lib/lib.es2015.proxy.d.ts","/opt/homebrew/lib/node_modules/typescript/lib/lib.es2015.reflect.d.ts","/opt/homebrew/lib/node_modules/typescript/lib/lib.es2015.symbol.d.ts","/opt/homebrew/lib/node_modules/typescript/lib/lib.es2015.symbol.wellknown.d.ts","/opt/homebrew/lib/node_modules/typescript/lib/lib.es2016.array.include.d.ts","/opt/homebrew/lib/node_modules/typescript/lib/lib.es2016.full.d.ts","/Users/byeongcheollim/workspace/mapbox/keplergl-demo/src/App.js"],"compilerOptions":{"module":1,"target":3,"jsx":1,"allowJs":true,"allowSyntheticDefaultImports":true,"allowNonTsExtensions":true,"noEmitForJsFiles":true,"maxNodeModuleJsDepth":2},"typeAcquisition":{"enable":true,"include":[],"exclude":[]},"unresolvedImports":["@babel/runtime","hoist-non-react-statics","kepler.gl","react-is","react-palm","react-redux"],"projectRootPath":"/Users/byeongcheollim/workspace/mapbox/keplergl-demo/src","kind":"discover"}
[02:00:24.787] Explicitly included types: []
[02:00:24.788] Inferred typings from unresolved imports: ["@babel/runtime","hoist-non-react-statics","kepler.gl","react-is","react-palm","react-redux"]
[02:00:24.788] Result: {"cachedTypingPaths":[],"newTypingNames":["@babel/runtime","hoist-non-react-statics","kepler.gl","react-is","react-palm","react-redux"],"filesToWatch":["/Users/byeongcheollim/workspace/mapbox/keplergl-demo/src/bower_components","/Users/byeongcheollim/workspace/mapbox/keplergl-demo/src/node_modules"]}
[02:00:24.788] Finished typings discovery: {"cachedTypingPaths":[],"newTypingNames":["@babel/runtime","hoist-non-react-statics","kepler.gl","react-is","react-palm","react-redux"],"filesToWatch":["/Users/byeongcheollim/workspace/mapbox/keplergl-demo/src/bower_components","/Users/byeongcheollim/workspace/mapbox/keplergl-demo/src/node_modules"]}
[02:00:24.788] Installing typings ["@babel/runtime","hoist-non-react-statics","kepler.gl","react-is","react-palm","react-redux"]
[02:00:24.788] '@babel/runtime':: Entry for package 'babel__runtime' does not exist in local types registry - skipping...
[02:00:24.788] 'hoist-non-react-statics':: Entry for package 'hoist-non-react-statics' does not exist in local types registry - skipping...
[02:00:24.788] 'kepler.gl':: Entry for package 'kepler.gl' does not exist in local types registry - skipping...
[02:00:24.788] 'react-is':: Entry for package 'react-is' does not exist in local types registry - skipping...
[02:00:24.789] 'react-palm':: Entry for package 'react-palm' does not exist in local types registry - skipping...
[02:00:24.789] 'react-redux':: Entry for package 'react-redux' does not exist in local types registry - skipping...
[02:00:24.789] All typings are known to be missing or invalid - no need to install more typings
[02:00:24.789] Sending response:
    {"projectName":"/dev/null/inferredProject1*","typeAcquisition":{"enable":true,"include":[],"exclude":[]},"compilerOptions":{"module":1,"target":3,"jsx":1,"allowJs":true,"allowSyntheticDefaultImports":true,"allowNonTsExtensions":true,"noEmitForJsFiles":true,"maxNodeModuleJsDepth":2},"typings":[],"unresolvedImports":["@babel/runtime","hoist-non-react-statics","kepler.gl","react-is","react-palm","react-redux"],"kind":"action::set"}
[02:00:24.789] Response has been sent.
[02:00:25.748] Got install request {"projectName":"/dev/null/inferredProject1*","fileNames":["/opt/homebrew/lib/node_modules/typescript/lib/lib.es5.d.ts","/opt/homebrew/lib/node_modules/typescript/lib/lib.es2015.d.ts","/opt/homebrew/lib/node_modules/typescript/lib/lib.es2016.d.ts","/opt/homebrew/lib/node_modules/typescript/lib/lib.dom.d.ts","/opt/homebrew/lib/node_modules/typescript/lib/lib.dom.iterable.d.ts","/opt/homebrew/lib/node_modules/typescript/lib/lib.webworker.importscripts.d.ts","/opt/homebrew/lib/node_modules/typescript/lib/lib.scripthost.d.ts","/opt/homebrew/lib/node_modules/typescript/lib/lib.es2015.core.d.ts","/opt/homebrew/lib/node_modules/typescript/lib/lib.es2015.collection.d.ts","/opt/homebrew/lib/node_modules/typescript/lib/lib.es2015.generator.d.ts","/opt/homebrew/lib/node_modules/typescript/lib/lib.es2015.iterable.d.ts","/opt/homebrew/lib/node_modules/typescript/lib/lib.es2015.promise.d.ts","/opt/homebrew/lib/node_modules/typescript/lib/lib.es2015.proxy.d.ts","/opt/homebrew/lib/node_modules/typescript/lib/lib.es2015.reflect.d.ts","/opt/homebrew/lib/node_modules/typescript/lib/lib.es2015.symbol.d.ts","/opt/homebrew/lib/node_modules/typescript/lib/lib.es2015.symbol.wellknown.d.ts","/opt/homebrew/lib/node_modules/typescript/lib/lib.es2016.array.include.d.ts","/opt/homebrew/lib/node_modules/typescript/lib/lib.es2016.full.d.ts","/Users/byeongcheollim/workspace/mapbox/keplergl-demo/src/App.js"],"compilerOptions":{"module":1,"target":3,"jsx":1,"allowJs":true,"allowSyntheticDefaultImports":true,"allowNonTsExtensions":true,"noEmitForJsFiles":true,"maxNodeModuleJsDepth":2},"typeAcquisition":{"enable":true,"include":[],"exclude":[]},"unresolvedImports":["@babel/runtime","hoist-non-react-statics","kepler.gl","react-is","react-palm","react-redux"],"projectRootPath":"/Users/byeongcheollim/workspace/mapbox/keplergl-demo/src","kind":"discover"}
[02:00:25.748] Explicitly included types: []
[02:00:25.748] Inferred typings from unresolved imports: ["@babel/runtime","hoist-non-react-statics","kepler.gl","react-is","react-palm","react-redux"]
[02:00:25.748] Result: {"cachedTypingPaths":[],"newTypingNames":["@babel/runtime","hoist-non-react-statics","kepler.gl","react-is","react-palm","react-redux"],"filesToWatch":["/Users/byeongcheollim/workspace/mapbox/keplergl-demo/src/bower_components","/Users/byeongcheollim/workspace/mapbox/keplergl-demo/src/node_modules"]}
[02:00:25.748] Finished typings discovery: {"cachedTypingPaths":[],"newTypingNames":["@babel/runtime","hoist-non-react-statics","kepler.gl","react-is","react-palm","react-redux"],"filesToWatch":["/Users/byeongcheollim/workspace/mapbox/keplergl-demo/src/bower_components","/Users/byeongcheollim/workspace/mapbox/keplergl-demo/src/node_modules"]}
[02:00:25.748] Installing typings ["@babel/runtime","hoist-non-react-statics","kepler.gl","react-is","react-palm","react-redux"]
[02:00:25.749] '@babel/runtime':: Entry for package 'babel__runtime' does not exist in local types registry - skipping...
[02:00:25.749] 'hoist-non-react-statics':: Entry for package 'hoist-non-react-statics' does not exist in local types registry - skipping...
[02:00:25.749] 'kepler.gl':: Entry for package 'kepler.gl' does not exist in local types registry - skipping...
[02:00:25.749] 'react-is':: Entry for package 'react-is' does not exist in local types registry - skipping...
[02:00:25.749] 'react-palm':: Entry for package 'react-palm' does not exist in local types registry - skipping...
[02:00:25.749] 'react-redux':: Entry for package 'react-redux' does not exist in local types registry - skipping...
[02:00:25.749] All typings are known to be missing or invalid - no need to install more typings
[02:00:25.749] Sending response:
    {"projectName":"/dev/null/inferredProject1*","typeAcquisition":{"enable":true,"include":[],"exclude":[]},"compilerOptions":{"module":1,"target":3,"jsx":1,"allowJs":true,"allowSyntheticDefaultImports":true,"allowNonTsExtensions":true,"noEmitForJsFiles":true,"maxNodeModuleJsDepth":2},"typings":[],"unresolvedImports":["@babel/runtime","hoist-non-react-statics","kepler.gl","react-is","react-palm","react-redux"],"kind":"action::set"}
[02:00:25.749] Response has been sent.
[02:05:33.634] Got install request {"projectName":"/dev/null/inferredProject1*","fileNames":["/opt/homebrew/lib/node_modules/typescript/lib/lib.es5.d.ts","/opt/homebrew/lib/node_modules/typescript/lib/lib.es2015.d.ts","/opt/homebrew/lib/node_modules/typescript/lib/lib.es2016.d.ts","/opt/homebrew/lib/node_modules/typescript/lib/lib.dom.d.ts","/opt/homebrew/lib/node_modules/typescript/lib/lib.dom.iterable.d.ts","/opt/homebrew/lib/node_modules/typescript/lib/lib.webworker.importscripts.d.ts","/opt/homebrew/lib/node_modules/typescript/lib/lib.scripthost.d.ts","/opt/homebrew/lib/node_modules/typescript/lib/lib.es2015.core.d.ts","/opt/homebrew/lib/node_modules/typescript/lib/lib.es2015.collection.d.ts","/opt/homebrew/lib/node_modules/typescript/lib/lib.es2015.generator.d.ts","/opt/homebrew/lib/node_modules/typescript/lib/lib.es2015.iterable.d.ts","/opt/homebrew/lib/node_modules/typescript/lib/lib.es2015.promise.d.ts","/opt/homebrew/lib/node_modules/typescript/lib/lib.es2015.proxy.d.ts","/opt/homebrew/lib/node_modules/typescript/lib/lib.es2015.reflect.d.ts","/opt/homebrew/lib/node_modules/typescript/lib/lib.es2015.symbol.d.ts","/opt/homebrew/lib/node_modules/typescript/lib/lib.es2015.symbol.wellknown.d.ts","/opt/homebrew/lib/node_modules/typescript/lib/lib.es2016.array.include.d.ts","/opt/homebrew/lib/node_modules/typescript/lib/lib.es2016.full.d.ts","/Users/byeongcheollim/workspace/mapbox/keplergl-demo/src/App.js"],"compilerOptions":{"module":1,"target":3,"jsx":1,"allowJs":true,"allowSyntheticDefaultImports":true,"allowNonTsExtensions":true,"noEmitForJsFiles":true,"maxNodeModuleJsDepth":2},"typeAcquisition":{"enable":true,"include":[],"exclude":[]},"unresolvedImports":["@babel/runtime","hoist-non-react-statics","kepler.gl","react-is","react-palm","react-redux"],"projectRootPath":"/Users/byeongcheollim/workspace/mapbox/keplergl-demo/src","kind":"discover"}
[02:05:33.636] Explicitly included types: []
[02:05:33.636] Inferred typings from unresolved imports: ["@babel/runtime","hoist-non-react-statics","kepler.gl","react-is","react-palm","react-redux"]
[02:05:33.636] Result: {"cachedTypingPaths":[],"newTypingNames":["@babel/runtime","hoist-non-react-statics","kepler.gl","react-is","react-palm","react-redux"],"filesToWatch":["/Users/byeongcheollim/workspace/mapbox/keplergl-demo/src/bower_components","/Users/byeongcheollim/workspace/mapbox/keplergl-demo/src/node_modules"]}
[02:05:33.636] Finished typings discovery: {"cachedTypingPaths":[],"newTypingNames":["@babel/runtime","hoist-non-react-statics","kepler.gl","react-is","react-palm","react-redux"],"filesToWatch":["/Users/byeongcheollim/workspace/mapbox/keplergl-demo/src/bower_components","/Users/byeongcheollim/workspace/mapbox/keplergl-demo/src/node_modules"]}
[02:05:33.636] Installing typings ["@babel/runtime","hoist-non-react-statics","kepler.gl","react-is","react-palm","react-redux"]
[02:05:33.636] '@babel/runtime':: Entry for package 'babel__runtime' does not exist in local types registry - skipping...
[02:05:33.636] 'hoist-non-react-statics':: Entry for package 'hoist-non-react-statics' does not exist in local types registry - skipping...
[02:05:33.636] 'kepler.gl':: Entry for package 'kepler.gl' does not exist in local types registry - skipping...
[02:05:33.636] 'react-is':: Entry for package 'react-is' does not exist in local types registry - skipping...
[02:05:33.636] 'react-palm':: Entry for package 'react-palm' does not exist in local types registry - skipping...
[02:05:33.636] 'react-redux':: Entry for package 'react-redux' does not exist in local types registry - skipping...
[02:05:33.636] All typings are known to be missing or invalid - no need to install more typings
[02:05:33.636] Sending response:
    {"projectName":"/dev/null/inferredProject1*","typeAcquisition":{"enable":true,"include":[],"exclude":[]},"compilerOptions":{"module":1,"target":3,"jsx":1,"allowJs":true,"allowSyntheticDefaultImports":true,"allowNonTsExtensions":true,"noEmitForJsFiles":true,"maxNodeModuleJsDepth":2},"typings":[],"unresolvedImports":["@babel/runtime","hoist-non-react-statics","kepler.gl","react-is","react-palm","react-redux"],"kind":"action::set"}
[02:05:33.636] Response has been sent.
[02:07:21.396] Sending response:
    {"kind":"event::typesRegistry","typesRegistry":{}}
[02:07:21.397] Response has been sent.
[02:07:22.224] Got install request {"projectName":"/dev/null/inferredProject1*","fileNames":["/opt/homebrew/lib/node_modules/typescript/lib/lib.es5.d.ts","/opt/homebrew/lib/node_modules/typescript/lib/lib.es2015.d.ts","/opt/homebrew/lib/node_modules/typescript/lib/lib.es2016.d.ts","/opt/homebrew/lib/node_modules/typescript/lib/lib.dom.d.ts","/opt/homebrew/lib/node_modules/typescript/lib/lib.dom.iterable.d.ts","/opt/homebrew/lib/node_modules/typescript/lib/lib.webworker.importscripts.d.ts","/opt/homebrew/lib/node_modules/typescript/lib/lib.scripthost.d.ts","/opt/homebrew/lib/node_modules/typescript/lib/lib.es2015.core.d.ts","/opt/homebrew/lib/node_modules/typescript/lib/lib.es2015.collection.d.ts","/opt/homebrew/lib/node_modules/typescript/lib/lib.es2015.generator.d.ts","/opt/homebrew/lib/node_modules/typescript/lib/lib.es2015.iterable.d.ts","/opt/homebrew/lib/node_modules/typescript/lib/lib.es2015.promise.d.ts","/opt/homebrew/lib/node_modules/typescript/lib/lib.es2015.proxy.d.ts","/opt/homebrew/lib/node_modules/typescript/lib/lib.es2015.reflect.d.ts","/opt/homebrew/lib/node_modules/typescript/lib/lib.es2015.symbol.d.ts","/opt/homebrew/lib/node_modules/typescript/lib/lib.es2015.symbol.wellknown.d.ts","/opt/homebrew/lib/node_modules/typescript/lib/lib.es2016.array.include.d.ts","/opt/homebrew/lib/node_modules/typescript/lib/lib.es2016.full.d.ts","/Users/byeongcheollim/workspace/mapbox/keplergl-demo/src/App.js"],"compilerOptions":{"module":1,"target":3,"jsx":1,"allowJs":true,"allowSyntheticDefaultImports":true,"allowNonTsExtensions":true,"noEmitForJsFiles":true,"maxNodeModuleJsDepth":2},"typeAcquisition":{"enable":true,"include":[],"exclude":[]},"unresolvedImports":["@babel/runtime","hoist-non-react-statics","kepler.gl","react-is","react-palm","react-redux"],"projectRootPath":"/Users/byeongcheollim/workspace/mapbox/keplergl-demo/src","kind":"discover"}
[02:07:22.224] Explicitly included types: []
[02:07:22.224] Inferred typings from unresolved imports: ["@babel/runtime","hoist-non-react-statics","kepler.gl","react-is","react-palm","react-redux"]
[02:07:22.225] Result: {"cachedTypingPaths":[],"newTypingNames":["@babel/runtime","hoist-non-react-statics","kepler.gl","react-is","react-palm","react-redux"],"filesToWatch":["/Users/byeongcheollim/workspace/mapbox/keplergl-demo/src/bower_components","/Users/byeongcheollim/workspace/mapbox/keplergl-demo/src/node_modules"]}
[02:07:22.225] Finished typings discovery: {"cachedTypingPaths":[],"newTypingNames":["@babel/runtime","hoist-non-react-statics","kepler.gl","react-is","react-palm","react-redux"],"filesToWatch":["/Users/byeongcheollim/workspace/mapbox/keplergl-demo/src/bower_components","/Users/byeongcheollim/workspace/mapbox/keplergl-demo/src/node_modules"]}
[02:07:22.225] Installing typings ["@babel/runtime","hoist-non-react-statics","kepler.gl","react-is","react-palm","react-redux"]
[02:07:22.225] '@babel/runtime':: Entry for package 'babel__runtime' does not exist in local types registry - skipping...
[02:07:22.225] 'hoist-non-react-statics':: Entry for package 'hoist-non-react-statics' does not exist in local types registry - skipping...
[02:07:22.225] 'kepler.gl':: Entry for package 'kepler.gl' does not exist in local types registry - skipping...
[02:07:22.225] 'react-is':: Entry for package 'react-is' does not exist in local types registry - skipping...
[02:07:22.225] 'react-palm':: Entry for package 'react-palm' does not exist in local types registry - skipping...
[02:07:22.225] 'react-redux':: Entry for package 'react-redux' does not exist in local types registry - skipping...
[02:07:22.225] All typings are known to be missing or invalid - no need to install more typings
[02:07:22.225] Sending response:
    {"projectName":"/dev/null/inferredProject1*","typeAcquisition":{"enable":true,"include":[],"exclude":[]},"compilerOptions":{"module":1,"target":3,"jsx":1,"allowJs":true,"allowSyntheticDefaultImports":true,"allowNonTsExtensions":true,"noEmitForJsFiles":true,"maxNodeModuleJsDepth":2},"typings":[],"unresolvedImports":["@babel/runtime","hoist-non-react-statics","kepler.gl","react-is","react-palm","react-redux"],"kind":"action::set"}
[02:07:22.225] Response has been sent.
[02:08:04.792] Got install request {"projectName":"/dev/null/inferredProject1*","fileNames":["/opt/homebrew/lib/node_modules/typescript/lib/lib.es5.d.ts","/opt/homebrew/lib/node_modules/typescript/lib/lib.es2015.d.ts","/opt/homebrew/lib/node_modules/typescript/lib/lib.es2016.d.ts","/opt/homebrew/lib/node_modules/typescript/lib/lib.dom.d.ts","/opt/homebrew/lib/node_modules/typescript/lib/lib.dom.iterable.d.ts","/opt/homebrew/lib/node_modules/typescript/lib/lib.webworker.importscripts.d.ts","/opt/homebrew/lib/node_modules/typescript/lib/lib.scripthost.d.ts","/opt/homebrew/lib/node_modules/typescript/lib/lib.es2015.core.d.ts","/opt/homebrew/lib/node_modules/typescript/lib/lib.es2015.collection.d.ts","/opt/homebrew/lib/node_modules/typescript/lib/lib.es2015.generator.d.ts","/opt/homebrew/lib/node_modules/typescript/lib/lib.es2015.iterable.d.ts","/opt/homebrew/lib/node_modules/typescript/lib/lib.es2015.promise.d.ts","/opt/homebrew/lib/node_modules/typescript/lib/lib.es2015.proxy.d.ts","/opt/homebrew/lib/node_modules/typescript/lib/lib.es2015.reflect.d.ts","/opt/homebrew/lib/node_modules/typescript/lib/lib.es2015.symbol.d.ts","/opt/homebrew/lib/node_modules/typescript/lib/lib.es2015.symbol.wellknown.d.ts","/opt/homebrew/lib/node_modules/typescript/lib/lib.es2016.array.include.d.ts","/opt/homebrew/lib/node_modules/typescript/lib/lib.es2016.full.d.ts","/Users/byeongcheollim/workspace/mapbox/keplergl-demo/src/App.js"],"compilerOptions":{"module":1,"target":3,"jsx":1,"allowJs":true,"allowSyntheticDefaultImports":true,"allowNonTsExtensions":true,"noEmitForJsFiles":true,"maxNodeModuleJsDepth":2},"typeAcquisition":{"enable":true,"include":[],"exclude":[]},"unresolvedImports":["@babel/runtime","hoist-non-react-statics","kepler.gl","react-is","react-palm","react-redux"],"projectRootPath":"/Users/byeongcheollim/workspace/mapbox/keplergl-demo/src","kind":"discover"}
[02:08:04.794] Explicitly included types: []
[02:08:04.794] Inferred typings from unresolved imports: ["@babel/runtime","hoist-non-react-statics","kepler.gl","react-is","react-palm","react-redux"]
[02:08:04.794] Result: {"cachedTypingPaths":[],"newTypingNames":["@babel/runtime","hoist-non-react-statics","kepler.gl","react-is","react-palm","react-redux"],"filesToWatch":["/Users/byeongcheollim/workspace/mapbox/keplergl-demo/src/bower_components","/Users/byeongcheollim/workspace/mapbox/keplergl-demo/src/node_modules"]}
[02:08:04.794] Finished typings discovery: {"cachedTypingPaths":[],"newTypingNames":["@babel/runtime","hoist-non-react-statics","kepler.gl","react-is","react-palm","react-redux"],"filesToWatch":["/Users/byeongcheollim/workspace/mapbox/keplergl-demo/src/bower_components","/Users/byeongcheollim/workspace/mapbox/keplergl-demo/src/node_modules"]}
[02:08:04.795] Installing typings ["@babel/runtime","hoist-non-react-statics","kepler.gl","react-is","react-palm","react-redux"]
[02:08:04.795] '@babel/runtime':: Entry for package 'babel__runtime' does not exist in local types registry - skipping...
[02:08:04.795] 'hoist-non-react-statics':: Entry for package 'hoist-non-react-statics' does not exist in local types registry - skipping...
[02:08:04.795] 'kepler.gl':: Entry for package 'kepler.gl' does not exist in local types registry - skipping...
[02:08:04.795] 'react-is':: Entry for package 'react-is' does not exist in local types registry - skipping...
[02:08:04.795] 'react-palm':: Entry for package 'react-palm' does not exist in local types registry - skipping...
[02:08:04.795] 'react-redux':: Entry for package 'react-redux' does not exist in local types registry - skipping...
[02:08:04.795] All typings are known to be missing or invalid - no need to install more typings
[02:08:04.795] Sending response:
    {"projectName":"/dev/null/inferredProject1*","typeAcquisition":{"enable":true,"include":[],"exclude":[]},"compilerOptions":{"module":1,"target":3,"jsx":1,"allowJs":true,"allowSyntheticDefaultImports":true,"allowNonTsExtensions":true,"noEmitForJsFiles":true,"maxNodeModuleJsDepth":2},"typings":[],"unresolvedImports":["@babel/runtime","hoist-non-react-statics","kepler.gl","react-is","react-palm","react-redux"],"kind":"action::set"}
[02:08:04.795] Response has been sent.
[02:08:18.258] Got install request {"projectName":"/dev/null/inferredProject1*","fileNames":["/opt/homebrew/lib/node_modules/typescript/lib/lib.es5.d.ts","/opt/homebrew/lib/node_modules/typescript/lib/lib.es2015.d.ts","/opt/homebrew/lib/node_modules/typescript/lib/lib.es2016.d.ts","/opt/homebrew/lib/node_modules/typescript/lib/lib.dom.d.ts","/opt/homebrew/lib/node_modules/typescript/lib/lib.dom.iterable.d.ts","/opt/homebrew/lib/node_modules/typescript/lib/lib.webworker.importscripts.d.ts","/opt/homebrew/lib/node_modules/typescript/lib/lib.scripthost.d.ts","/opt/homebrew/lib/node_modules/typescript/lib/lib.es2015.core.d.ts","/opt/homebrew/lib/node_modules/typescript/lib/lib.es2015.collection.d.ts","/opt/homebrew/lib/node_modules/typescript/lib/lib.es2015.generator.d.ts","/opt/homebrew/lib/node_modules/typescript/lib/lib.es2015.iterable.d.ts","/opt/homebrew/lib/node_modules/typescript/lib/lib.es2015.promise.d.ts","/opt/homebrew/lib/node_modules/typescript/lib/lib.es2015.proxy.d.ts","/opt/homebrew/lib/node_modules/typescript/lib/lib.es2015.reflect.d.ts","/opt/homebrew/lib/node_modules/typescript/lib/lib.es2015.symbol.d.ts","/opt/homebrew/lib/node_modules/typescript/lib/lib.es2015.symbol.wellknown.d.ts","/opt/homebrew/lib/node_modules/typescript/lib/lib.es2016.array.include.d.ts","/opt/homebrew/lib/node_modules/typescript/lib/lib.es2016.full.d.ts","/Users/byeongcheollim/workspace/mapbox/keplergl-demo/src/App.js"],"compilerOptions":{"module":1,"target":3,"jsx":1,"allowJs":true,"allowSyntheticDefaultImports":true,"allowNonTsExtensions":true,"noEmitForJsFiles":true,"maxNodeModuleJsDepth":2},"typeAcquisition":{"enable":true,"include":[],"exclude":[]},"unresolvedImports":["@babel/runtime","hoist-non-react-statics","kepler.gl","react-is","react-palm","react-redux"],"projectRootPath":"/Users/byeongcheollim/workspace/mapbox/keplergl-demo/src","kind":"discover"}
[02:08:18.258] Explicitly included types: []
[02:08:18.259] Inferred typings from unresolved imports: ["@babel/runtime","hoist-non-react-statics","kepler.gl","react-is","react-palm","react-redux"]
[02:08:18.259] Result: {"cachedTypingPaths":[],"newTypingNames":["@babel/runtime","hoist-non-react-statics","kepler.gl","react-is","react-palm","react-redux"],"filesToWatch":["/Users/byeongcheollim/workspace/mapbox/keplergl-demo/src/bower_components","/Users/byeongcheollim/workspace/mapbox/keplergl-demo/src/node_modules"]}
[02:08:18.259] Finished typings discovery: {"cachedTypingPaths":[],"newTypingNames":["@babel/runtime","hoist-non-react-statics","kepler.gl","react-is","react-palm","react-redux"],"filesToWatch":["/Users/byeongcheollim/workspace/mapbox/keplergl-demo/src/bower_components","/Users/byeongcheollim/workspace/mapbox/keplergl-demo/src/node_modules"]}
[02:08:18.259] Installing typings ["@babel/runtime","hoist-non-react-statics","kepler.gl","react-is","react-palm","react-redux"]
[02:08:18.259] '@babel/runtime':: Entry for package 'babel__runtime' does not exist in local types registry - skipping...
[02:08:18.259] 'hoist-non-react-statics':: Entry for package 'hoist-non-react-statics' does not exist in local types registry - skipping...
[02:08:18.259] 'kepler.gl':: Entry for package 'kepler.gl' does not exist in local types registry - skipping...
[02:08:18.259] 'react-is':: Entry for package 'react-is' does not exist in local types registry - skipping...
[02:08:18.259] 'react-palm':: Entry for package 'react-palm' does not exist in local types registry - skipping...
[02:08:18.260] 'react-redux':: Entry for package 'react-redux' does not exist in local types registry - skipping...
[02:08:18.260] All typings are known to be missing or invalid - no need to install more typings
[02:08:18.260] Sending response:
    {"projectName":"/dev/null/inferredProject1*","typeAcquisition":{"enable":true,"include":[],"exclude":[]},"compilerOptions":{"module":1,"target":3,"jsx":1,"allowJs":true,"allowSyntheticDefaultImports":true,"allowNonTsExtensions":true,"noEmitForJsFiles":true,"maxNodeModuleJsDepth":2},"typings":[],"unresolvedImports":["@babel/runtime","hoist-non-react-statics","kepler.gl","react-is","react-palm","react-redux"],"kind":"action::set"}
[02:08:18.260] Response has been sent.
[02:08:19.911] Got install request {"projectName":"/dev/null/inferredProject1*","fileNames":["/opt/homebrew/lib/node_modules/typescript/lib/lib.es5.d.ts","/opt/homebrew/lib/node_modules/typescript/lib/lib.es2015.d.ts","/opt/homebrew/lib/node_modules/typescript/lib/lib.es2016.d.ts","/opt/homebrew/lib/node_modules/typescript/lib/lib.dom.d.ts","/opt/homebrew/lib/node_modules/typescript/lib/lib.dom.iterable.d.ts","/opt/homebrew/lib/node_modules/typescript/lib/lib.webworker.importscripts.d.ts","/opt/homebrew/lib/node_modules/typescript/lib/lib.scripthost.d.ts","/opt/homebrew/lib/node_modules/typescript/lib/lib.es2015.core.d.ts","/opt/homebrew/lib/node_modules/typescript/lib/lib.es2015.collection.d.ts","/opt/homebrew/lib/node_modules/typescript/lib/lib.es2015.generator.d.ts","/opt/homebrew/lib/node_modules/typescript/lib/lib.es2015.iterable.d.ts","/opt/homebrew/lib/node_modules/typescript/lib/lib.es2015.promise.d.ts","/opt/homebrew/lib/node_modules/typescript/lib/lib.es2015.proxy.d.ts","/opt/homebrew/lib/node_modules/typescript/lib/lib.es2015.reflect.d.ts","/opt/homebrew/lib/node_modules/typescript/lib/lib.es2015.symbol.d.ts","/opt/homebrew/lib/node_modules/typescript/lib/lib.es2015.symbol.wellknown.d.ts","/opt/homebrew/lib/node_modules/typescript/lib/lib.es2016.array.include.d.ts","/opt/homebrew/lib/node_modules/typescript/lib/lib.es2016.full.d.ts","/Users/byeongcheollim/workspace/mapbox/keplergl-demo/src/App.js"],"compilerOptions":{"module":1,"target":3,"jsx":1,"allowJs":true,"allowSyntheticDefaultImports":true,"allowNonTsExtensions":true,"noEmitForJsFiles":true,"maxNodeModuleJsDepth":2},"typeAcquisition":{"enable":true,"include":[],"exclude":[]},"unresolvedImports":["@babel/runtime","hoist-non-react-statics","kepler.gl","react-is","react-palm","react-redux"],"projectRootPath":"/Users/byeongcheollim/workspace/mapbox/keplergl-demo/src","kind":"discover"}
[02:08:19.911] Explicitly included types: []
[02:08:19.912] Inferred typings from unresolved imports: ["@babel/runtime","hoist-non-react-statics","kepler.gl","react-is","react-palm","react-redux"]
[02:08:19.912] Result: {"cachedTypingPaths":[],"newTypingNames":["@babel/runtime","hoist-non-react-statics","kepler.gl","react-is","react-palm","react-redux"],"filesToWatch":["/Users/byeongcheollim/workspace/mapbox/keplergl-demo/src/bower_components","/Users/byeongcheollim/workspace/mapbox/keplergl-demo/src/node_modules"]}
[02:08:19.912] Finished typings discovery: {"cachedTypingPaths":[],"newTypingNames":["@babel/runtime","hoist-non-react-statics","kepler.gl","react-is","react-palm","react-redux"],"filesToWatch":["/Users/byeongcheollim/workspace/mapbox/keplergl-demo/src/bower_components","/Users/byeongcheollim/workspace/mapbox/keplergl-demo/src/node_modules"]}
[02:08:19.912] Installing typings ["@babel/runtime","hoist-non-react-statics","kepler.gl","react-is","react-palm","react-redux"]
[02:08:19.912] '@babel/runtime':: Entry for package 'babel__runtime' does not exist in local types registry - skipping...
[02:08:19.912] 'hoist-non-react-statics':: Entry for package 'hoist-non-react-statics' does not exist in local types registry - skipping...
[02:08:19.912] 'kepler.gl':: Entry for package 'kepler.gl' does not exist in local types registry - skipping...
[02:08:19.912] 'react-is':: Entry for package 'react-is' does not exist in local types registry - skipping...
[02:08:19.912] 'react-palm':: Entry for package 'react-palm' does not exist in local types registry - skipping...
[02:08:19.912] 'react-redux':: Entry for package 'react-redux' does not exist in local types registry - skipping...
[02:08:19.912] All typings are known to be missing or invalid - no need to install more typings
[02:08:19.912] Sending response:
    {"projectName":"/dev/null/inferredProject1*","typeAcquisition":{"enable":true,"include":[],"exclude":[]},"compilerOptions":{"module":1,"target":3,"jsx":1,"allowJs":true,"allowSyntheticDefaultImports":true,"allowNonTsExtensions":true,"noEmitForJsFiles":true,"maxNodeModuleJsDepth":2},"typings":[],"unresolvedImports":["@babel/runtime","hoist-non-react-statics","kepler.gl","react-is","react-palm","react-redux"],"kind":"action::set"}
[02:08:19.913] Response has been sent.
[02:08:21.348] Got install request {"projectName":"/dev/null/inferredProject1*","fileNames":["/opt/homebrew/lib/node_modules/typescript/lib/lib.es5.d.ts","/opt/homebrew/lib/node_modules/typescript/lib/lib.es2015.d.ts","/opt/homebrew/lib/node_modules/typescript/lib/lib.es2016.d.ts","/opt/homebrew/lib/node_modules/typescript/lib/lib.dom.d.ts","/opt/homebrew/lib/node_modules/typescript/lib/lib.dom.iterable.d.ts","/opt/homebrew/lib/node_modules/typescript/lib/lib.webworker.importscripts.d.ts","/opt/homebrew/lib/node_modules/typescript/lib/lib.scripthost.d.ts","/opt/homebrew/lib/node_modules/typescript/lib/lib.es2015.core.d.ts","/opt/homebrew/lib/node_modules/typescript/lib/lib.es2015.collection.d.ts","/opt/homebrew/lib/node_modules/typescript/lib/lib.es2015.generator.d.ts","/opt/homebrew/lib/node_modules/typescript/lib/lib.es2015.iterable.d.ts","/opt/homebrew/lib/node_modules/typescript/lib/lib.es2015.promise.d.ts","/opt/homebrew/lib/node_modules/typescript/lib/lib.es2015.proxy.d.ts","/opt/homebrew/lib/node_modules/typescript/lib/lib.es2015.reflect.d.ts","/opt/homebrew/lib/node_modules/typescript/lib/lib.es2015.symbol.d.ts","/opt/homebrew/lib/node_modules/typescript/lib/lib.es2015.symbol.wellknown.d.ts","/opt/homebrew/lib/node_modules/typescript/lib/lib.es2016.array.include.d.ts","/opt/homebrew/lib/node_modules/typescript/lib/lib.es2016.full.d.ts","/Users/byeongcheollim/workspace/mapbox/keplergl-demo/src/App.js"],"compilerOptions":{"module":1,"target":3,"jsx":1,"allowJs":true,"allowSyntheticDefaultImports":true,"allowNonTsExtensions":true,"noEmitForJsFiles":true,"maxNodeModuleJsDepth":2},"typeAcquisition":{"enable":true,"include":[],"exclude":[]},"unresolvedImports":["@babel/runtime","hoist-non-react-statics","kepler.gl","react-is","react-palm","react-redux"],"projectRootPath":"/Users/byeongcheollim/workspace/mapbox/keplergl-demo/src","kind":"discover"}
[02:08:21.349] Explicitly included types: []
[02:08:21.349] Inferred typings from unresolved imports: ["@babel/runtime","hoist-non-react-statics","kepler.gl","react-is","react-palm","react-redux"]
[02:08:21.349] Result: {"cachedTypingPaths":[],"newTypingNames":["@babel/runtime","hoist-non-react-statics","kepler.gl","react-is","react-palm","react-redux"],"filesToWatch":["/Users/byeongcheollim/workspace/mapbox/keplergl-demo/src/bower_components","/Users/byeongcheollim/workspace/mapbox/keplergl-demo/src/node_modules"]}
[02:08:21.349] Finished typings discovery: {"cachedTypingPaths":[],"newTypingNames":["@babel/runtime","hoist-non-react-statics","kepler.gl","react-is","react-palm","react-redux"],"filesToWatch":["/Users/byeongcheollim/workspace/mapbox/keplergl-demo/src/bower_components","/Users/byeongcheollim/workspace/mapbox/keplergl-demo/src/node_modules"]}
[02:08:21.349] Installing typings ["@babel/runtime","hoist-non-react-statics","kepler.gl","react-is","react-palm","react-redux"]
[02:08:21.350] '@babel/runtime':: Entry for package 'babel__runtime' does not exist in local types registry - skipping...
[02:08:21.350] 'hoist-non-react-statics':: Entry for package 'hoist-non-react-statics' does not exist in local types registry - skipping...
[02:08:21.350] 'kepler.gl':: Entry for package 'kepler.gl' does not exist in local types registry - skipping...
[02:08:21.350] 'react-is':: Entry for package 'react-is' does not exist in local types registry - skipping...
[02:08:21.350] 'react-palm':: Entry for package 'react-palm' does not exist in local types registry - skipping...
[02:08:21.350] 'react-redux':: Entry for package 'react-redux' does not exist in local types registry - skipping...
[02:08:21.350] All typings are known to be missing or invalid - no need to install more typings
[02:08:21.350] Sending response:
    {"projectName":"/dev/null/inferredProject1*","typeAcquisition":{"enable":true,"include":[],"exclude":[]},"compilerOptions":{"module":1,"target":3,"jsx":1,"allowJs":true,"allowSyntheticDefaultImports":true,"allowNonTsExtensions":true,"noEmitForJsFiles":true,"maxNodeModuleJsDepth":2},"typings":[],"unresolvedImports":["@babel/runtime","hoist-non-react-statics","kepler.gl","react-is","react-palm","react-redux"],"kind":"action::set"}
[02:08:21.350] Response has been sent.
